Using pre-set license
Built from '2021.3/staging' branch; Version is '2021.3.20f1 (577897200b8b) revision 5732503'; Using compiler version '192829333'; Build Type 'Release'
OS: 'Windows 10  (10.0.19045) 64bit Professional' Language: 'ko' Physical Memory: 16194 MB
BatchMode: 1, IsHumanControllingUs: 0, StartBugReporterOnCrash: 0, Is64bit: 1, IsPro: 1

COMMAND LINE ARGUMENTS:
C:\Program Files\Unity\Hub\Editor\2021.3.20f1\Editor\Unity.exe
-adb2
-batchMode
-noUpm
-name
AssetImportWorker1
-projectPath
C:/Users/SGA/Desktop/test/3DGame/Unity3DGame
-logFile
Logs/AssetImportWorker1.log
-srvPort
50568
Successfully changed project path to: C:/Users/SGA/Desktop/test/3DGame/Unity3DGame
C:/Users/SGA/Desktop/test/3DGame/Unity3DGame
[UnityMemory] Configuration Parameters - Can be set up in boot.config
    "memorysetup-bucket-allocator-granularity=16"
    "memorysetup-bucket-allocator-bucket-count=8"
    "memorysetup-bucket-allocator-block-size=33554432"
    "memorysetup-bucket-allocator-block-count=8"
    "memorysetup-main-allocator-block-size=16777216"
    "memorysetup-thread-allocator-block-size=16777216"
    "memorysetup-gfx-main-allocator-block-size=16777216"
    "memorysetup-gfx-thread-allocator-block-size=16777216"
    "memorysetup-cache-allocator-block-size=4194304"
    "memorysetup-typetree-allocator-block-size=2097152"
    "memorysetup-profiler-bucket-allocator-granularity=16"
    "memorysetup-profiler-bucket-allocator-bucket-count=8"
    "memorysetup-profiler-bucket-allocator-block-size=33554432"
    "memorysetup-profiler-bucket-allocator-block-count=8"
    "memorysetup-profiler-allocator-block-size=16777216"
    "memorysetup-profiler-editor-allocator-block-size=1048576"
    "memorysetup-temp-allocator-size-main=16777216"
    "memorysetup-job-temp-allocator-block-size=2097152"
    "memorysetup-job-temp-allocator-block-size-background=1048576"
    "memorysetup-job-temp-allocator-reduction-small-platforms=262144"
    "memorysetup-temp-allocator-size-background-worker=32768"
    "memorysetup-temp-allocator-size-job-worker=262144"
    "memorysetup-temp-allocator-size-preload-manager=33554432"
    "memorysetup-temp-allocator-size-nav-mesh-worker=65536"
    "memorysetup-temp-allocator-size-audio-worker=65536"
    "memorysetup-temp-allocator-size-cloud-worker=32768"
    "memorysetup-temp-allocator-size-gi-baking-worker=262144"
    "memorysetup-temp-allocator-size-gfx=262144"
Player connection [14132] Host "[IP] 192.168.0.176 [Port] 0 [Flags] 2 [Guid] 1544038007 [EditorId] 1544038007 [Version] 1048832 [Id] WindowsEditor(7,DESKTOP-HQKDT44) [Debug] 1 [PackageName] WindowsEditor [ProjectName] Editor" joined multi-casting on [225.0.0.222:54997]...

Player connection [14132] Host "[IP] 192.168.0.176 [Port] 0 [Flags] 2 [Guid] 1544038007 [EditorId] 1544038007 [Version] 1048832 [Id] WindowsEditor(7,DESKTOP-HQKDT44) [Debug] 1 [PackageName] WindowsEditor [ProjectName] Editor" joined alternative multi-casting on [225.0.0.222:34997]...

Refreshing native plugins compatible for Editor in 51.03 ms, found 3 plugins.
Preloading 0 native plugins for Editor in 0.00 ms.
Initialize engine version: 2021.3.20f1 (577897200b8b)
[Subsystems] Discovering subsystems at path C:/Program Files/Unity/Hub/Editor/2021.3.20f1/Editor/Data/Resources/UnitySubsystems
[Subsystems] Discovering subsystems at path C:/Users/SGA/Desktop/test/3DGame/Unity3DGame/Assets
GfxDevice: creating device client; threaded=0; jobified=0
Direct3D:
    Version:  Direct3D 11.0 [level 11.1]
    Renderer: NVIDIA GeForce GTX 1650 (ID=0x1f82)
    Vendor:   NVIDIA
    VRAM:     3949 MB
    Driver:   31.0.15.3179
Initialize mono
Mono path[0] = 'C:/Program Files/Unity/Hub/Editor/2021.3.20f1/Editor/Data/Managed'
Mono path[1] = 'C:/Program Files/Unity/Hub/Editor/2021.3.20f1/Editor/Data/MonoBleedingEdge/lib/mono/unityjit-win32'
Mono config path = 'C:/Program Files/Unity/Hub/Editor/2021.3.20f1/Editor/Data/MonoBleedingEdge/etc'
Using monoOptions --debugger-agent=transport=dt_socket,embedding=1,server=y,suspend=n,address=127.0.0.1:56864
Begin MonoManager ReloadAssembly
Registering precompiled unity dll's ...
Register platform support module: C:/Program Files/Unity/Hub/Editor/2021.3.20f1/Editor/Data/PlaybackEngines/AndroidPlayer/UnityEditor.Android.Extensions.dll
Register platform support module: C:/Program Files/Unity/Hub/Editor/2021.3.20f1/Editor/Data/PlaybackEngines/WindowsStandaloneSupport/UnityEditor.WindowsStandalone.Extensions.dll
Registered in 0.003971 seconds.
Native extension for WindowsStandalone target not found
Native extension for Android target not found
Android Extension - Scanning For ADB Devices 137 ms
Refreshing native plugins compatible for Editor in 49.21 ms, found 3 plugins.
Preloading 0 native plugins for Editor in 0.00 ms.
Mono: successfully reloaded assembly
- Completed reload, in  0.565 seconds
Domain Reload Profiling:
	ReloadAssembly (565ms)
		BeginReloadAssembly (57ms)
			ExecutionOrderSort (0ms)
			DisableScriptedObjects (0ms)
			BackupInstance (0ms)
			ReleaseScriptingObjects (0ms)
			CreateAndSetChildDomain (1ms)
		EndReloadAssembly (441ms)
			LoadAssemblies (55ms)
			RebuildTransferFunctionScriptingTraits (0ms)
			SetupTypeCache (69ms)
			ReleaseScriptCaches (0ms)
			RebuildScriptCaches (18ms)
			SetupLoadedEditorAssemblies (319ms)
				LogAssemblyErrors (0ms)
				InitializePlatformSupportModulesInManaged (183ms)
				SetLoadedEditorAssemblies (0ms)
				RefreshPlugins (49ms)
				BeforeProcessingInitializeOnLoad (1ms)
				ProcessInitializeOnLoadAttributes (59ms)
				ProcessInitializeOnLoadMethodAttributes (28ms)
				AfterProcessingInitializeOnLoad (0ms)
				EditorAssembliesLoaded (0ms)
			ExecutionOrderSort2 (0ms)
			AwakeInstancesAfterBackupRestoration (0ms)
Platform modules already initialized, skipping
Registering precompiled user dll's ...
Registered in 0.003378 seconds.
Begin MonoManager ReloadAssembly
Symbol file LoadedFromMemory doesn't match image C:\Users\SGA\Desktop\test\3DGame\Unity3DGame\Library\PackageCache\com.unity.visualscripting@1.8.0\Editor\VisualScripting.Core\Dependencies\YamlDotNet\Unity.VisualScripting.YamlDotNet.dll
Symbol file LoadedFromMemory doesn't match image C:\Users\SGA\Desktop\test\3DGame\Unity3DGame\Library\PackageCache\com.unity.visualscripting@1.8.0\Editor\VisualScripting.Core\Dependencies\DotNetZip\Unity.VisualScripting.IonicZip.dll
Native extension for WindowsStandalone target not found
Native extension for Android target not found
Refreshing native plugins compatible for Editor in 0.37 ms, found 3 plugins.
Preloading 0 native plugins for Editor in 0.00 ms.
Mono: successfully reloaded assembly
- Completed reload, in  0.656 seconds
Domain Reload Profiling:
	ReloadAssembly (656ms)
		BeginReloadAssembly (80ms)
			ExecutionOrderSort (0ms)
			DisableScriptedObjects (4ms)
			BackupInstance (0ms)
			ReleaseScriptingObjects (0ms)
			CreateAndSetChildDomain (14ms)
		EndReloadAssembly (505ms)
			LoadAssemblies (60ms)
			RebuildTransferFunctionScriptingTraits (0ms)
			SetupTypeCache (169ms)
			ReleaseScriptCaches (0ms)
			RebuildScriptCaches (31ms)
			SetupLoadedEditorAssemblies (225ms)
				LogAssemblyErrors (0ms)
				InitializePlatformSupportModulesInManaged (12ms)
				SetLoadedEditorAssemblies (0ms)
				RefreshPlugins (0ms)
				BeforeProcessingInitializeOnLoad (52ms)
				ProcessInitializeOnLoadAttributes (142ms)
				ProcessInitializeOnLoadMethodAttributes (13ms)
				AfterProcessingInitializeOnLoad (5ms)
				EditorAssembliesLoaded (0ms)
			ExecutionOrderSort2 (0ms)
			AwakeInstancesAfterBackupRestoration (4ms)
Platform modules already initialized, skipping
========================================================================
Worker process is ready to serve import requests
Launched and connected shader compiler UnityShaderCompiler.exe after 0.02 seconds
Refreshing native plugins compatible for Editor in 0.38 ms, found 3 plugins.
Preloading 0 native plugins for Editor in 0.00 ms.
Unloading 3057 Unused Serialized files (Serialized files now loaded: 0)
Unloading 24 unused Assets / (113.9 KB). Loaded Objects now: 3535.
Memory consumption went from 124.7 MB to 124.6 MB.
Total: 2.054700 ms (FindLiveObjects: 0.165600 ms CreateObjectMapping: 0.076200 ms MarkObjects: 1.731000 ms  DeleteObjects: 0.081100 ms)

AssetImportParameters requested are different than current active one (requested -> active):
  custom:video-decoder-ogg-theora: a1e56fd34408186e4bbccfd4996cb3dc -> 
  custom:container-muxer-webm: aa71ff27fc2769a1b78a27578f13a17b -> 
  custom:container-demuxer-webm: 4f35f7cbe854078d1ac9338744f61a02 -> 
  custom:video-encoder-webm-vp8: eb34c28f22e8b96e1ab97ce403110664 -> 
  custom:audio-encoder-webm-vorbis: bf7c407c2cedff20999df2af8eb42d56 -> 
  custom:framework-win-MediaFoundation: 216162199b28c13a410421893ffa2e32 -> 
  custom:container-demuxer-ogg: 62fdf1f143b41e24485cea50d1cbac27 -> 
  custom:video-decoder-webm-vp8: 9c59270c3fd7afecdb556c50c9e8de78 -> 
  custom:audio-decoder-ogg-vorbis: bf7c407c2cedff20999df2af8eb42d56 -> 
========================================================================
Received Import Request.
  Time since last request: 7409.766880 seconds.
  path: Assets/99. Resource/Decrepit Dungeon LITE/Meshes/Stairs.fbx
  artifactKey: Guid(cbcb05563ab6bb046867a0b483b15cd2) Importer(815301076,1909f56bfc062723c751e8b465ee728b)
Start importing Assets/99. Resource/Decrepit Dungeon LITE/Meshes/Stairs.fbx using Guid(cbcb05563ab6bb046867a0b483b15cd2) Importer(815301076,1909f56bfc062723c751e8b465ee728b)  -> (artifact id: 'a9257ddb04f15606e77d25ed12a0bb2f') in 0.153296 seconds 
========================================================================
Received Import Request.
  Time since last request: 0.757849 seconds.
  path: Assets/99. Resource/Decrepit Dungeon LITE/Textures/Detail.png
  artifactKey: Guid(4e3779e0841aed74e84a2027a3b5bfac) Importer(815301076,1909f56bfc062723c751e8b465ee728b)
Start importing Assets/99. Resource/Decrepit Dungeon LITE/Textures/Detail.png using Guid(4e3779e0841aed74e84a2027a3b5bfac) Importer(815301076,1909f56bfc062723c751e8b465ee728b)  -> (artifact id: 'a36fb4c0a9a186607cccd37e65952a24') in 0.031091 seconds 
========================================================================
Received Import Request.
  Time since last request: 0.000023 seconds.
  path: Assets/99. Resource/Decrepit Dungeon LITE/Textures/Grunge_F_NRM.png
  artifactKey: Guid(191392dc7fbc6f04092fdfb7dca59dde) Importer(815301076,1909f56bfc062723c751e8b465ee728b)
Start importing Assets/99. Resource/Decrepit Dungeon LITE/Textures/Grunge_F_NRM.png using Guid(191392dc7fbc6f04092fdfb7dca59dde) Importer(815301076,1909f56bfc062723c751e8b465ee728b)  -> (artifact id: 'c36aa51bd8229fa671db7485223e6496') in 0.014647 seconds 
========================================================================
Received Import Request.
  Time since last request: 0.000019 seconds.
  path: Assets/99. Resource/Decrepit Dungeon LITE/Textures/Hay_A_NRM.png
  artifactKey: Guid(0eca23d9f459c52459c4c702656fff64) Importer(815301076,1909f56bfc062723c751e8b465ee728b)
Start importing Assets/99. Resource/Decrepit Dungeon LITE/Textures/Hay_A_NRM.png using Guid(0eca23d9f459c52459c4c702656fff64) Importer(815301076,1909f56bfc062723c751e8b465ee728b)  -> (artifact id: '8810ce79cbdeae29aab1c313fd7dde60') in 0.013507 seconds 
========================================================================
Received Import Request.
  Time since last request: 0.000026 seconds.
  path: Assets/99. Resource/Decrepit Dungeon LITE/Textures/Hay_D_NRM.png
  artifactKey: Guid(3ce0e0a9c35afa64996a6ad0ce4de363) Importer(815301076,1909f56bfc062723c751e8b465ee728b)
Start importing Assets/99. Resource/Decrepit Dungeon LITE/Textures/Hay_D_NRM.png using Guid(3ce0e0a9c35afa64996a6ad0ce4de363) Importer(815301076,1909f56bfc062723c751e8b465ee728b)  -> (artifact id: '82322d699cb8ece1c6e7da6721f23364') in 0.022405 seconds 
========================================================================
Received Import Request.
  Time since last request: 0.000023 seconds.
  path: Assets/99. Resource/Decrepit Dungeon LITE/Textures/Hay_A.png
  artifactKey: Guid(e8feeebb3b139af47b47a3d3af208987) Importer(815301076,1909f56bfc062723c751e8b465ee728b)
Start importing Assets/99. Resource/Decrepit Dungeon LITE/Textures/Hay_A.png using Guid(e8feeebb3b139af47b47a3d3af208987) Importer(815301076,1909f56bfc062723c751e8b465ee728b)  -> (artifact id: '55ae0dd8ecf1d7bb8a9c6ea80532a568') in 0.024193 seconds 
========================================================================
Received Import Request.
  Time since last request: 0.000023 seconds.
  path: Assets/99. Resource/Decrepit Dungeon LITE/Textures/Wax_B.png
  artifactKey: Guid(dfdf854adc26f2648970cce4db42e00a) Importer(815301076,1909f56bfc062723c751e8b465ee728b)
Start importing Assets/99. Resource/Decrepit Dungeon LITE/Textures/Wax_B.png using Guid(dfdf854adc26f2648970cce4db42e00a) Importer(815301076,1909f56bfc062723c751e8b465ee728b)  -> (artifact id: '2a946d22a6c376f47379f5ac6e734b1a') in 0.019150 seconds 
========================================================================
Received Import Request.
  Time since last request: 0.000018 seconds.
  path: Assets/99. Resource/Decrepit Dungeon LITE/Textures/Wood_C.png
  artifactKey: Guid(a63065d7e679b6049a9f3a54c3e874e1) Importer(815301076,1909f56bfc062723c751e8b465ee728b)
Start importing Assets/99. Resource/Decrepit Dungeon LITE/Textures/Wood_C.png using Guid(a63065d7e679b6049a9f3a54c3e874e1) Importer(815301076,1909f56bfc062723c751e8b465ee728b)  -> (artifact id: 'f8c9de18254ee8ce0a496e324797ea5e') in 0.012790 seconds 
========================================================================
Received Import Request.
  Time since last request: 0.000014 seconds.
  path: Assets/99. Resource/Decrepit Dungeon LITE/Textures/Metal_A.png
  artifactKey: Guid(458e455e30a8bbc4ab316e64cc8995c3) Importer(815301076,1909f56bfc062723c751e8b465ee728b)
Start importing Assets/99. Resource/Decrepit Dungeon LITE/Textures/Metal_A.png using Guid(458e455e30a8bbc4ab316e64cc8995c3) Importer(815301076,1909f56bfc062723c751e8b465ee728b)  -> (artifact id: '6260d490887d5122941616686b562391') in 0.022163 seconds 
========================================================================
Received Import Request.
  Time since last request: 0.000019 seconds.
  path: Assets/99. Resource/Decrepit Dungeon LITE/Textures/Grunge_B_NRM.png
  artifactKey: Guid(2c002baead5766949a312dc98a6ccd89) Importer(815301076,1909f56bfc062723c751e8b465ee728b)
Start importing Assets/99. Resource/Decrepit Dungeon LITE/Textures/Grunge_B_NRM.png using Guid(2c002baead5766949a312dc98a6ccd89) Importer(815301076,1909f56bfc062723c751e8b465ee728b)  -> (artifact id: '69a29eaff0bdd897da3b22b1437bcf43') in 0.014177 seconds 
========================================================================
Received Import Request.
  Time since last request: 0.000021 seconds.
  path: Assets/99. Resource/Decrepit Dungeon LITE/Textures/Hay_D.png
  artifactKey: Guid(92ad1be6105745842ae0380d3717ff27) Importer(815301076,1909f56bfc062723c751e8b465ee728b)
Start importing Assets/99. Resource/Decrepit Dungeon LITE/Textures/Hay_D.png using Guid(92ad1be6105745842ae0380d3717ff27) Importer(815301076,1909f56bfc062723c751e8b465ee728b)  -> (artifact id: '9cbef64f512b3e6e3c6376a9b16f23e5') in 0.018124 seconds 
========================================================================
Received Import Request.
  Time since last request: 0.000020 seconds.
  path: Assets/99. Resource/Decrepit Dungeon LITE/Textures/Grunge_A_NRM.png
  artifactKey: Guid(388e444b54ab3f54090e4f3fc8b23caa) Importer(815301076,1909f56bfc062723c751e8b465ee728b)
Start importing Assets/99. Resource/Decrepit Dungeon LITE/Textures/Grunge_A_NRM.png using Guid(388e444b54ab3f54090e4f3fc8b23caa) Importer(815301076,1909f56bfc062723c751e8b465ee728b)  -> (artifact id: 'fdd611f192d7aee67aac7e02dd8b9e5a') in 0.013265 seconds 
========================================================================
Received Import Request.
  Time since last request: 0.000021 seconds.
  path: Assets/99. Resource/Decrepit Dungeon LITE/Textures/Grunge_E.png
  artifactKey: Guid(d08e0f1ab81e11247927858148c6ce7b) Importer(815301076,1909f56bfc062723c751e8b465ee728b)
Start importing Assets/99. Resource/Decrepit Dungeon LITE/Textures/Grunge_E.png using Guid(d08e0f1ab81e11247927858148c6ce7b) Importer(815301076,1909f56bfc062723c751e8b465ee728b)  -> (artifact id: 'f4f0f9dc51df8b00c7f561ee2c964bff') in 0.015289 seconds 
========================================================================
Received Import Request.
  Time since last request: 0.000020 seconds.
  path: Assets/99. Resource/Decrepit Dungeon LITE/Textures/Grunge_C_NRM.png
  artifactKey: Guid(d477498a1b4b96945ac0cdac8cd81530) Importer(815301076,1909f56bfc062723c751e8b465ee728b)
Start importing Assets/99. Resource/Decrepit Dungeon LITE/Textures/Grunge_C_NRM.png using Guid(d477498a1b4b96945ac0cdac8cd81530) Importer(815301076,1909f56bfc062723c751e8b465ee728b)  -> (artifact id: 'f16428dda029c23a7ef0013b39aeb8c3') in 0.012800 seconds 
========================================================================
Received Import Request.
  Time since last request: 0.000024 seconds.
  path: Assets/99. Resource/Decrepit Dungeon LITE/Textures/Grunge_B.png
  artifactKey: Guid(8135e1f03891b95408ae39471b189a1f) Importer(815301076,1909f56bfc062723c751e8b465ee728b)
Start importing Assets/99. Resource/Decrepit Dungeon LITE/Textures/Grunge_B.png using Guid(8135e1f03891b95408ae39471b189a1f) Importer(815301076,1909f56bfc062723c751e8b465ee728b)  -> (artifact id: '09131e4716808956afaba79ed4e2f410') in 0.014575 seconds 
========================================================================
Received Import Request.
  Time since last request: 0.000019 seconds.
  path: Assets/99. Resource/Decrepit Dungeon LITE/Textures/Hay_C_NRM.png
  artifactKey: Guid(fe19af5b55dca5340835377137a75a03) Importer(815301076,1909f56bfc062723c751e8b465ee728b)
Start importing Assets/99. Resource/Decrepit Dungeon LITE/Textures/Hay_C_NRM.png using Guid(fe19af5b55dca5340835377137a75a03) Importer(815301076,1909f56bfc062723c751e8b465ee728b)  -> (artifact id: '1a23c28d7848ae8060d9e7fb17f1e280') in 0.012788 seconds 
========================================================================
Received Import Request.
  Time since last request: 0.000025 seconds.
  path: Assets/99. Resource/Decrepit Dungeon LITE/Textures/Wax_A_NRM.png
  artifactKey: Guid(4e4ae4162b2098d4cbb52caffe3b4a63) Importer(815301076,1909f56bfc062723c751e8b465ee728b)
Start importing Assets/99. Resource/Decrepit Dungeon LITE/Textures/Wax_A_NRM.png using Guid(4e4ae4162b2098d4cbb52caffe3b4a63) Importer(815301076,1909f56bfc062723c751e8b465ee728b)  -> (artifact id: '65782841c65a847e2dfa315c346036a4') in 0.012408 seconds 
========================================================================
Received Import Request.
  Time since last request: 0.000018 seconds.
  path: Assets/99. Resource/Decrepit Dungeon LITE/Textures/Grunge_E_NRM.png
  artifactKey: Guid(199755e6ba5c3ee4cb26fee7d892bf50) Importer(815301076,1909f56bfc062723c751e8b465ee728b)
Start importing Assets/99. Resource/Decrepit Dungeon LITE/Textures/Grunge_E_NRM.png using Guid(199755e6ba5c3ee4cb26fee7d892bf50) Importer(815301076,1909f56bfc062723c751e8b465ee728b)  -> (artifact id: '5b116f208c8ffc737675b92f89f36d88') in 0.018709 seconds 
========================================================================
Received Import Request.
  Time since last request: 0.000015 seconds.
  path: Assets/99. Resource/Decrepit Dungeon LITE/Textures/Wood_C_NRM.png
  artifactKey: Guid(ef33561edad3a9e4482c2ce0394e1ee1) Importer(815301076,1909f56bfc062723c751e8b465ee728b)
Start importing Assets/99. Resource/Decrepit Dungeon LITE/Textures/Wood_C_NRM.png using Guid(ef33561edad3a9e4482c2ce0394e1ee1) Importer(815301076,1909f56bfc062723c751e8b465ee728b)  -> (artifact id: '0aa3d9a269764f4ee448e9c273dbc095') in 0.012632 seconds 
========================================================================
Received Import Request.
  Time since last request: 0.000017 seconds.
  path: Assets/99. Resource/Decrepit Dungeon LITE/Textures/Metal_B_NRM.png
  artifactKey: Guid(77bfae395c836d04087e2b812e041cfd) Importer(815301076,1909f56bfc062723c751e8b465ee728b)
Start importing Assets/99. Resource/Decrepit Dungeon LITE/Textures/Metal_B_NRM.png using Guid(77bfae395c836d04087e2b812e041cfd) Importer(815301076,1909f56bfc062723c751e8b465ee728b)  -> (artifact id: '273ddfabce8d0aad02a6bca457cd6412') in 0.016013 seconds 
========================================================================
Received Import Request.
  Time since last request: 1.442786 seconds.
  path: Assets/99. Resource/Decrepit Dungeon LITE/Materials/Flame.mat
  artifactKey: Guid(e3aca7f17b83630409550de9dc736e58) Importer(815301076,1909f56bfc062723c751e8b465ee728b)
Start importing Assets/99. Resource/Decrepit Dungeon LITE/Materials/Flame.mat using Guid(e3aca7f17b83630409550de9dc736e58) Importer(815301076,1909f56bfc062723c751e8b465ee728b)  -> (artifact id: 'c0e03858c6aa16dd6ca208e575b17aeb') in 0.044221 seconds 
========================================================================
Received Import Request.
  Time since last request: 0.000016 seconds.
  path: Assets/99. Resource/Decrepit Dungeon LITE/Materials/Grunge_E.mat
  artifactKey: Guid(a6aa37d4521e10f458727f5482e73377) Importer(815301076,1909f56bfc062723c751e8b465ee728b)
Start importing Assets/99. Resource/Decrepit Dungeon LITE/Materials/Grunge_E.mat using Guid(a6aa37d4521e10f458727f5482e73377) Importer(815301076,1909f56bfc062723c751e8b465ee728b)  -> (artifact id: 'fb6d1d81b6f9f359e487eb8249148752') in 0.018918 seconds 
========================================================================
Received Import Request.
  Time since last request: 0.000016 seconds.
  path: Assets/99. Resource/Decrepit Dungeon LITE/Materials/Grunge_C.mat
  artifactKey: Guid(cc571c58a73f82845812f11fc83b0e5c) Importer(815301076,1909f56bfc062723c751e8b465ee728b)
Start importing Assets/99. Resource/Decrepit Dungeon LITE/Materials/Grunge_C.mat using Guid(cc571c58a73f82845812f11fc83b0e5c) Importer(815301076,1909f56bfc062723c751e8b465ee728b)  -> (artifact id: '01d4fafc45b002492cd578f2ab367a02') in 0.015347 seconds 
========================================================================
Received Import Request.
  Time since last request: 0.000016 seconds.
  path: Assets/99. Resource/Decrepit Dungeon LITE/Materials/Grunge_B.mat
  artifactKey: Guid(13fcec13a3cbf1d428c5c89767873fe7) Importer(815301076,1909f56bfc062723c751e8b465ee728b)
Start importing Assets/99. Resource/Decrepit Dungeon LITE/Materials/Grunge_B.mat using Guid(13fcec13a3cbf1d428c5c89767873fe7) Importer(815301076,1909f56bfc062723c751e8b465ee728b)  -> (artifact id: '33d4e4ad1ea56847bc81d1f0344f281e') in 0.020860 seconds 
========================================================================
Received Import Request.
  Time since last request: 0.000018 seconds.
  path: Assets/99. Resource/Decrepit Dungeon LITE/Materials/Wood_C.mat
  artifactKey: Guid(18f96cd0b7113f942bc0d421eaa81466) Importer(815301076,1909f56bfc062723c751e8b465ee728b)
Start importing Assets/99. Resource/Decrepit Dungeon LITE/Materials/Wood_C.mat using Guid(18f96cd0b7113f942bc0d421eaa81466) Importer(815301076,1909f56bfc062723c751e8b465ee728b)  -> (artifact id: '400bc12d7be6d88b6957345ee1e06e79') in 0.016556 seconds 
========================================================================
Received Import Request.
  Time since last request: 0.000017 seconds.
  path: Assets/99. Resource/Decrepit Dungeon LITE/Materials/Grunge_F.mat
  artifactKey: Guid(22615be7bda8dbe428e42831a774fa63) Importer(815301076,1909f56bfc062723c751e8b465ee728b)
Start importing Assets/99. Resource/Decrepit Dungeon LITE/Materials/Grunge_F.mat using Guid(22615be7bda8dbe428e42831a774fa63) Importer(815301076,1909f56bfc062723c751e8b465ee728b)  -> (artifact id: '059dbdc3dbd7506f85b8e12e5caa972a') in 0.020847 seconds 
========================================================================
Received Import Request.
  Time since last request: 0.000024 seconds.
  path: Assets/99. Resource/Decrepit Dungeon LITE/Materials/Metal_B.mat
  artifactKey: Guid(199644c02aaad764ab340ad4746e055d) Importer(815301076,1909f56bfc062723c751e8b465ee728b)
Start importing Assets/99. Resource/Decrepit Dungeon LITE/Materials/Metal_B.mat using Guid(199644c02aaad764ab340ad4746e055d) Importer(815301076,1909f56bfc062723c751e8b465ee728b)  -> (artifact id: '8acee6fd3803133f0082fde621772f73') in 0.018013 seconds 
========================================================================
Received Import Request.
  Time since last request: 0.000017 seconds.
  path: Assets/99. Resource/Decrepit Dungeon LITE/Materials/Hay_C.mat
  artifactKey: Guid(d151a519afbb87646a62daee32af9f4e) Importer(815301076,1909f56bfc062723c751e8b465ee728b)
Start importing Assets/99. Resource/Decrepit Dungeon LITE/Materials/Hay_C.mat using Guid(d151a519afbb87646a62daee32af9f4e) Importer(815301076,1909f56bfc062723c751e8b465ee728b)  -> (artifact id: '85a500ef86f14c92a7afb7c3a433aaa5') in 0.016359 seconds 
========================================================================
Received Import Request.
  Time since last request: 0.000017 seconds.
  path: Assets/99. Resource/Decrepit Dungeon LITE/Materials/Wood_A.mat
  artifactKey: Guid(556a0ec4707c1314996b87c43416357b) Importer(815301076,1909f56bfc062723c751e8b465ee728b)
Start importing Assets/99. Resource/Decrepit Dungeon LITE/Materials/Wood_A.mat using Guid(556a0ec4707c1314996b87c43416357b) Importer(815301076,1909f56bfc062723c751e8b465ee728b)  -> (artifact id: '1e8a7b447d23ecb3914c3ff3a7749914') in 0.016733 seconds 
========================================================================
Received Import Request.
  Time since last request: 0.000016 seconds.
  path: Assets/99. Resource/Decrepit Dungeon LITE/Materials/Metal_A.mat
  artifactKey: Guid(02c07345313cb814eb6dcd63462e338a) Importer(815301076,1909f56bfc062723c751e8b465ee728b)
Start importing Assets/99. Resource/Decrepit Dungeon LITE/Materials/Metal_A.mat using Guid(02c07345313cb814eb6dcd63462e338a) Importer(815301076,1909f56bfc062723c751e8b465ee728b)  -> (artifact id: '83ceea21a50a9ccc43090f2f1f7b8c79') in 0.013859 seconds 
========================================================================
Received Import Request.
  Time since last request: 52.402076 seconds.
  path: Assets/Prefabs/Pillars/Pillar_B.prefab
  artifactKey: Guid(53746ac7859e04242b72e4c4599eb06c) Importer(815301076,1909f56bfc062723c751e8b465ee728b)
Start importing Assets/Prefabs/Pillars/Pillar_B.prefab using Guid(53746ac7859e04242b72e4c4599eb06c) Importer(815301076,1909f56bfc062723c751e8b465ee728b)  -> (artifact id: '990c1845f11c12e611fd09dbd853c8e0') in 0.031133 seconds 
========================================================================
Received Import Request.
  Time since last request: 0.000023 seconds.
  path: Assets/Prefabs/Pillars/Pillar_F.prefab
  artifactKey: Guid(8811c9285b2bf334fb3e80d71c9e001b) Importer(815301076,1909f56bfc062723c751e8b465ee728b)
Start importing Assets/Prefabs/Pillars/Pillar_F.prefab using Guid(8811c9285b2bf334fb3e80d71c9e001b) Importer(815301076,1909f56bfc062723c751e8b465ee728b)  -> (artifact id: 'bf479b8e4760f8e77df474543a29389d') in 0.027510 seconds 
========================================================================
Received Import Request.
  Time since last request: 0.000030 seconds.
  path: Assets/Prefabs/Pillars/Pillar_C.prefab
  artifactKey: Guid(5159352fcf0d4a04dad031cb9cd61793) Importer(815301076,1909f56bfc062723c751e8b465ee728b)
Start importing Assets/Prefabs/Pillars/Pillar_C.prefab using Guid(5159352fcf0d4a04dad031cb9cd61793) Importer(815301076,1909f56bfc062723c751e8b465ee728b)  -> (artifact id: '2be5fc953ba38ee044ec5efb83b9d689') in 0.019448 seconds 
========================================================================
Received Prepare
Registering precompiled user dll's ...
Registered in 0.003303 seconds.
Begin MonoManager ReloadAssembly
Symbol file LoadedFromMemory doesn't match image C:\Users\SGA\Desktop\test\3DGame\Unity3DGame\Library\PackageCache\com.unity.visualscripting@1.8.0\Editor\VisualScripting.Core\Dependencies\YamlDotNet\Unity.VisualScripting.YamlDotNet.dll
Symbol file LoadedFromMemory doesn't match image C:\Users\SGA\Desktop\test\3DGame\Unity3DGame\Library\PackageCache\com.unity.visualscripting@1.8.0\Editor\VisualScripting.Core\Dependencies\DotNetZip\Unity.VisualScripting.IonicZip.dll
Native extension for WindowsStandalone target not found
Native extension for Android target not found
Refreshing native plugins compatible for Editor in 0.43 ms, found 3 plugins.
Preloading 0 native plugins for Editor in 0.00 ms.
Mono: successfully reloaded assembly
- Completed reload, in  0.665 seconds
Domain Reload Profiling:
	ReloadAssembly (666ms)
		BeginReloadAssembly (102ms)
			ExecutionOrderSort (0ms)
			DisableScriptedObjects (3ms)
			BackupInstance (0ms)
			ReleaseScriptingObjects (0ms)
			CreateAndSetChildDomain (28ms)
		EndReloadAssembly (491ms)
			LoadAssemblies (59ms)
			RebuildTransferFunctionScriptingTraits (0ms)
			SetupTypeCache (168ms)
			ReleaseScriptCaches (1ms)
			RebuildScriptCaches (26ms)
			SetupLoadedEditorAssemblies (207ms)
				LogAssemblyErrors (0ms)
				InitializePlatformSupportModulesInManaged (12ms)
				SetLoadedEditorAssemblies (0ms)
				RefreshPlugins (0ms)
				BeforeProcessingInitializeOnLoad (43ms)
				ProcessInitializeOnLoadAttributes (131ms)
				ProcessInitializeOnLoadMethodAttributes (13ms)
				AfterProcessingInitializeOnLoad (5ms)
				EditorAssembliesLoaded (0ms)
			ExecutionOrderSort2 (0ms)
			AwakeInstancesAfterBackupRestoration (4ms)
Platform modules already initialized, skipping
Refreshing native plugins compatible for Editor in 1.66 ms, found 3 plugins.
Preloading 0 native plugins for Editor in 0.00 ms.
Unloading 3052 Unused Serialized files (Serialized files now loaded: 0)
Unloading 17 unused Assets / (80.8 KB). Loaded Objects now: 3586.
Memory consumption went from 129.5 MB to 129.4 MB.
Total: 2.725900 ms (FindLiveObjects: 0.238200 ms CreateObjectMapping: 0.161500 ms MarkObjects: 2.233200 ms  DeleteObjects: 0.092100 ms)

AssetImportParameters requested are different than current active one (requested -> active):
  custom:video-decoder-ogg-theora: a1e56fd34408186e4bbccfd4996cb3dc -> 
  custom:container-muxer-webm: aa71ff27fc2769a1b78a27578f13a17b -> 
  custom:container-demuxer-webm: 4f35f7cbe854078d1ac9338744f61a02 -> 
  custom:video-encoder-webm-vp8: eb34c28f22e8b96e1ab97ce403110664 -> 
  custom:audio-encoder-webm-vorbis: bf7c407c2cedff20999df2af8eb42d56 -> 
  custom:framework-win-MediaFoundation: 216162199b28c13a410421893ffa2e32 -> 
  custom:container-demuxer-ogg: 62fdf1f143b41e24485cea50d1cbac27 -> 
  custom:video-decoder-webm-vp8: 9c59270c3fd7afecdb556c50c9e8de78 -> 
  custom:audio-decoder-ogg-vorbis: bf7c407c2cedff20999df2af8eb42d56 -> 
========================================================================
Received Prepare
Registering precompiled user dll's ...
Registered in 0.002974 seconds.
Begin MonoManager ReloadAssembly
Symbol file LoadedFromMemory doesn't match image C:\Users\SGA\Desktop\test\3DGame\Unity3DGame\Library\PackageCache\com.unity.visualscripting@1.8.0\Editor\VisualScripting.Core\Dependencies\YamlDotNet\Unity.VisualScripting.YamlDotNet.dll
Symbol file LoadedFromMemory doesn't match image C:\Users\SGA\Desktop\test\3DGame\Unity3DGame\Library\PackageCache\com.unity.visualscripting@1.8.0\Editor\VisualScripting.Core\Dependencies\DotNetZip\Unity.VisualScripting.IonicZip.dll
Native extension for WindowsStandalone target not found
Native extension for Android target not found
Refreshing native plugins compatible for Editor in 0.41 ms, found 3 plugins.
Preloading 0 native plugins for Editor in 0.00 ms.
Mono: successfully reloaded assembly
- Completed reload, in  0.678 seconds
Domain Reload Profiling:
	ReloadAssembly (679ms)
		BeginReloadAssembly (104ms)
			ExecutionOrderSort (0ms)
			DisableScriptedObjects (4ms)
			BackupInstance (0ms)
			ReleaseScriptingObjects (0ms)
			CreateAndSetChildDomain (28ms)
		EndReloadAssembly (509ms)
			LoadAssemblies (59ms)
			RebuildTransferFunctionScriptingTraits (0ms)
			SetupTypeCache (168ms)
			ReleaseScriptCaches (1ms)
			RebuildScriptCaches (25ms)
			SetupLoadedEditorAssemblies (229ms)
				LogAssemblyErrors (0ms)
				InitializePlatformSupportModulesInManaged (13ms)
				SetLoadedEditorAssemblies (0ms)
				RefreshPlugins (0ms)
				BeforeProcessingInitializeOnLoad (46ms)
				ProcessInitializeOnLoadAttributes (149ms)
				ProcessInitializeOnLoadMethodAttributes (15ms)
				AfterProcessingInitializeOnLoad (5ms)
				EditorAssembliesLoaded (0ms)
			ExecutionOrderSort2 (0ms)
			AwakeInstancesAfterBackupRestoration (5ms)
Platform modules already initialized, skipping
Refreshing native plugins compatible for Editor in 1.08 ms, found 3 plugins.
Preloading 0 native plugins for Editor in 0.00 ms.
Unloading 3052 Unused Serialized files (Serialized files now loaded: 0)
Unloading 17 unused Assets / (81.0 KB). Loaded Objects now: 3589.
Memory consumption went from 129.5 MB to 129.4 MB.
Total: 2.120400 ms (FindLiveObjects: 0.187800 ms CreateObjectMapping: 0.132600 ms MarkObjects: 1.721500 ms  DeleteObjects: 0.077700 ms)

AssetImportParameters requested are different than current active one (requested -> active):
  custom:video-decoder-ogg-theora: a1e56fd34408186e4bbccfd4996cb3dc -> 
  custom:container-muxer-webm: aa71ff27fc2769a1b78a27578f13a17b -> 
  custom:container-demuxer-webm: 4f35f7cbe854078d1ac9338744f61a02 -> 
  custom:video-encoder-webm-vp8: eb34c28f22e8b96e1ab97ce403110664 -> 
  custom:audio-encoder-webm-vorbis: bf7c407c2cedff20999df2af8eb42d56 -> 
  custom:framework-win-MediaFoundation: 216162199b28c13a410421893ffa2e32 -> 
  custom:container-demuxer-ogg: 62fdf1f143b41e24485cea50d1cbac27 -> 
  custom:video-decoder-webm-vp8: 9c59270c3fd7afecdb556c50c9e8de78 -> 
  custom:audio-decoder-ogg-vorbis: bf7c407c2cedff20999df2af8eb42d56 -> 
