Using pre-set license
Built from '2021.3/staging' branch; Version is '2021.3.20f1 (577897200b8b) revision 5732503'; Using compiler version '192829333'; Build Type 'Release'
OS: 'Windows 10  (10.0.19045) 64bit Professional' Language: 'ko' Physical Memory: 16194 MB
BatchMode: 1, IsHumanControllingUs: 0, StartBugReporterOnCrash: 0, Is64bit: 1, IsPro: 1

COMMAND LINE ARGUMENTS:
C:\Program Files\Unity\Hub\Editor\2021.3.20f1\Editor\Unity.exe
-adb2
-batchMode
-noUpm
-name
AssetImportWorker0
-projectPath
C:/Users/SGA/Desktop/test/3DGame/Unity3DGame
-logFile
Logs/AssetImportWorker0.log
-srvPort
50659
Successfully changed project path to: C:/Users/SGA/Desktop/test/3DGame/Unity3DGame
C:/Users/SGA/Desktop/test/3DGame/Unity3DGame
[UnityMemory] Configuration Parameters - Can be set up in boot.config
    "memorysetup-bucket-allocator-granularity=16"
    "memorysetup-bucket-allocator-bucket-count=8"
    "memorysetup-bucket-allocator-block-size=33554432"
    "memorysetup-bucket-allocator-block-count=8"
    "memorysetup-main-allocator-block-size=16777216"
    "memorysetup-thread-allocator-block-size=16777216"
    "memorysetup-gfx-main-allocator-block-size=16777216"
    "memorysetup-gfx-thread-allocator-block-size=16777216"
    "memorysetup-cache-allocator-block-size=4194304"
    "memorysetup-typetree-allocator-block-size=2097152"
    "memorysetup-profiler-bucket-allocator-granularity=16"
    "memorysetup-profiler-bucket-allocator-bucket-count=8"
    "memorysetup-profiler-bucket-allocator-block-size=33554432"
    "memorysetup-profiler-bucket-allocator-block-count=8"
    "memorysetup-profiler-allocator-block-size=16777216"
    "memorysetup-profiler-editor-allocator-block-size=1048576"
    "memorysetup-temp-allocator-size-main=16777216"
    "memorysetup-job-temp-allocator-block-size=2097152"
    "memorysetup-job-temp-allocator-block-size-background=1048576"
    "memorysetup-job-temp-allocator-reduction-small-platforms=262144"
    "memorysetup-temp-allocator-size-background-worker=32768"
    "memorysetup-temp-allocator-size-job-worker=262144"
    "memorysetup-temp-allocator-size-preload-manager=33554432"
    "memorysetup-temp-allocator-size-nav-mesh-worker=65536"
    "memorysetup-temp-allocator-size-audio-worker=65536"
    "memorysetup-temp-allocator-size-cloud-worker=32768"
    "memorysetup-temp-allocator-size-gi-baking-worker=262144"
    "memorysetup-temp-allocator-size-gfx=262144"
Player connection [3884] Host "[IP] 192.168.0.176 [Port] 0 [Flags] 2 [Guid] 444262825 [EditorId] 444262825 [Version] 1048832 [Id] WindowsEditor(7,DESKTOP-HQKDT44) [Debug] 1 [PackageName] WindowsEditor [ProjectName] Editor" joined multi-casting on [225.0.0.222:54997]...

Player connection [3884] Host "[IP] 192.168.0.176 [Port] 0 [Flags] 2 [Guid] 444262825 [EditorId] 444262825 [Version] 1048832 [Id] WindowsEditor(7,DESKTOP-HQKDT44) [Debug] 1 [PackageName] WindowsEditor [ProjectName] Editor" joined alternative multi-casting on [225.0.0.222:34997]...

Refreshing native plugins compatible for Editor in 49.66 ms, found 3 plugins.
Preloading 0 native plugins for Editor in 0.00 ms.
Initialize engine version: 2021.3.20f1 (577897200b8b)
[Subsystems] Discovering subsystems at path C:/Program Files/Unity/Hub/Editor/2021.3.20f1/Editor/Data/Resources/UnitySubsystems
[Subsystems] Discovering subsystems at path C:/Users/SGA/Desktop/test/3DGame/Unity3DGame/Assets
GfxDevice: creating device client; threaded=0; jobified=0
Direct3D:
    Version:  Direct3D 11.0 [level 11.1]
    Renderer: NVIDIA GeForce GTX 1650 (ID=0x1f82)
    Vendor:   NVIDIA
    VRAM:     3949 MB
    Driver:   31.0.15.3179
Initialize mono
Mono path[0] = 'C:/Program Files/Unity/Hub/Editor/2021.3.20f1/Editor/Data/Managed'
Mono path[1] = 'C:/Program Files/Unity/Hub/Editor/2021.3.20f1/Editor/Data/MonoBleedingEdge/lib/mono/unityjit-win32'
Mono config path = 'C:/Program Files/Unity/Hub/Editor/2021.3.20f1/Editor/Data/MonoBleedingEdge/etc'
Using monoOptions --debugger-agent=transport=dt_socket,embedding=1,server=y,suspend=n,address=127.0.0.1:56028
Begin MonoManager ReloadAssembly
Registering precompiled unity dll's ...
Register platform support module: C:/Program Files/Unity/Hub/Editor/2021.3.20f1/Editor/Data/PlaybackEngines/AndroidPlayer/UnityEditor.Android.Extensions.dll
Register platform support module: C:/Program Files/Unity/Hub/Editor/2021.3.20f1/Editor/Data/PlaybackEngines/WindowsStandaloneSupport/UnityEditor.WindowsStandalone.Extensions.dll
Registered in 0.170385 seconds.
Native extension for WindowsStandalone target not found
Native extension for Android target not found
Android Extension - Scanning For ADB Devices 256 ms
Refreshing native plugins compatible for Editor in 57.93 ms, found 3 plugins.
Preloading 0 native plugins for Editor in 0.00 ms.
Mono: successfully reloaded assembly
- Completed reload, in  4.417 seconds
Domain Reload Profiling:
	ReloadAssembly (4418ms)
		BeginReloadAssembly (2798ms)
			ExecutionOrderSort (0ms)
			DisableScriptedObjects (0ms)
			BackupInstance (0ms)
			ReleaseScriptingObjects (0ms)
			CreateAndSetChildDomain (1ms)
		EndReloadAssembly (1203ms)
			LoadAssemblies (2797ms)
			RebuildTransferFunctionScriptingTraits (0ms)
			SetupTypeCache (660ms)
			ReleaseScriptCaches (0ms)
			RebuildScriptCaches (22ms)
			SetupLoadedEditorAssemblies (481ms)
				LogAssemblyErrors (0ms)
				InitializePlatformSupportModulesInManaged (312ms)
				SetLoadedEditorAssemblies (0ms)
				RefreshPlugins (58ms)
				BeforeProcessingInitializeOnLoad (1ms)
				ProcessInitializeOnLoadAttributes (72ms)
				ProcessInitializeOnLoadMethodAttributes (38ms)
				AfterProcessingInitializeOnLoad (0ms)
				EditorAssembliesLoaded (0ms)
			ExecutionOrderSort2 (0ms)
			AwakeInstancesAfterBackupRestoration (0ms)
Platform modules already initialized, skipping
Registering precompiled user dll's ...
Registered in 0.004412 seconds.
Begin MonoManager ReloadAssembly
Symbol file LoadedFromMemory doesn't match image C:\Users\SGA\Desktop\test\3DGame\Unity3DGame\Library\PackageCache\com.unity.visualscripting@1.8.0\Editor\VisualScripting.Core\Dependencies\YamlDotNet\Unity.VisualScripting.YamlDotNet.dll
Symbol file LoadedFromMemory doesn't match image C:\Users\SGA\Desktop\test\3DGame\Unity3DGame\Library\PackageCache\com.unity.visualscripting@1.8.0\Editor\VisualScripting.Core\Dependencies\DotNetZip\Unity.VisualScripting.IonicZip.dll
Native extension for WindowsStandalone target not found
Native extension for Android target not found
Refreshing native plugins compatible for Editor in 0.38 ms, found 3 plugins.
Preloading 0 native plugins for Editor in 0.00 ms.
Mono: successfully reloaded assembly
- Completed reload, in  2.769 seconds
Domain Reload Profiling:
	ReloadAssembly (2769ms)
		BeginReloadAssembly (82ms)
			ExecutionOrderSort (0ms)
			DisableScriptedObjects (4ms)
			BackupInstance (0ms)
			ReleaseScriptingObjects (0ms)
			CreateAndSetChildDomain (14ms)
		EndReloadAssembly (2585ms)
			LoadAssemblies (1727ms)
			RebuildTransferFunctionScriptingTraits (0ms)
			SetupTypeCache (564ms)
			ReleaseScriptCaches (0ms)
			RebuildScriptCaches (31ms)
			SetupLoadedEditorAssemblies (242ms)
				LogAssemblyErrors (0ms)
				InitializePlatformSupportModulesInManaged (13ms)
				SetLoadedEditorAssemblies (0ms)
				RefreshPlugins (0ms)
				BeforeProcessingInitializeOnLoad (59ms)
				ProcessInitializeOnLoadAttributes (151ms)
				ProcessInitializeOnLoadMethodAttributes (13ms)
				AfterProcessingInitializeOnLoad (5ms)
				EditorAssembliesLoaded (0ms)
			ExecutionOrderSort2 (0ms)
			AwakeInstancesAfterBackupRestoration (4ms)
Platform modules already initialized, skipping
========================================================================
Worker process is ready to serve import requests
Launched and connected shader compiler UnityShaderCompiler.exe after 0.04 seconds
Refreshing native plugins compatible for Editor in 0.38 ms, found 3 plugins.
Preloading 0 native plugins for Editor in 0.00 ms.
Unloading 3051 Unused Serialized files (Serialized files now loaded: 0)
Unloading 24 unused Assets / (113.9 KB). Loaded Objects now: 3528.
Memory consumption went from 124.2 MB to 124.1 MB.
Total: 2.102100 ms (FindLiveObjects: 0.189500 ms CreateObjectMapping: 0.086500 ms MarkObjects: 1.745700 ms  DeleteObjects: 0.079100 ms)

AssetImportParameters requested are different than current active one (requested -> active):
  custom:video-decoder-ogg-theora: a1e56fd34408186e4bbccfd4996cb3dc -> 
  custom:container-muxer-webm: aa71ff27fc2769a1b78a27578f13a17b -> 
  custom:container-demuxer-webm: 4f35f7cbe854078d1ac9338744f61a02 -> 
  custom:video-encoder-webm-vp8: eb34c28f22e8b96e1ab97ce403110664 -> 
  custom:audio-encoder-webm-vorbis: bf7c407c2cedff20999df2af8eb42d56 -> 
  custom:framework-win-MediaFoundation: 216162199b28c13a410421893ffa2e32 -> 
  custom:container-demuxer-ogg: 62fdf1f143b41e24485cea50d1cbac27 -> 
  custom:video-decoder-webm-vp8: 9c59270c3fd7afecdb556c50c9e8de78 -> 
  custom:audio-decoder-ogg-vorbis: bf7c407c2cedff20999df2af8eb42d56 -> 
========================================================================
Received Import Request.
  Time since last request: 6832.963626 seconds.
  path: Assets/Scenes/Game Play.unity
  artifactKey: Guid(9fc0d4010bbf28b4594072e72b8655ab) Importer(815301076,1909f56bfc062723c751e8b465ee728b)
Start importing Assets/Scenes/Game Play.unity using Guid(9fc0d4010bbf28b4594072e72b8655ab) Importer(815301076,1909f56bfc062723c751e8b465ee728b)  -> (artifact id: '81282a31bede1df4c82fc346352d4433') in 0.015216 seconds 
========================================================================
Received Import Request.
  Time since last request: 150.578823 seconds.
  path: Assets/99. Resource/Decrepit Dungeon LITE/Textures
  artifactKey: Guid(a959991a936f5e6438ca4bd7a9ecebdf) Importer(815301076,1909f56bfc062723c751e8b465ee728b)
Start importing Assets/99. Resource/Decrepit Dungeon LITE/Textures using Guid(a959991a936f5e6438ca4bd7a9ecebdf) Importer(815301076,1909f56bfc062723c751e8b465ee728b)  -> (artifact id: '41b68823ac58d8938733f73c85ec8850') in 0.009239 seconds 
========================================================================
Received Import Request.
  Time since last request: 0.096376 seconds.
  path: Assets/99. Resource/Decrepit Dungeon LITE/Textures/Flame.jpg
  artifactKey: Guid(088442d18ac9f9c499308452f62d7bd8) Importer(815301076,1909f56bfc062723c751e8b465ee728b)
Start importing Assets/99. Resource/Decrepit Dungeon LITE/Textures/Flame.jpg using Guid(088442d18ac9f9c499308452f62d7bd8) Importer(815301076,1909f56bfc062723c751e8b465ee728b)  -> (artifact id: 'e00a323996a6f69b8a588453452507f6') in 0.108609 seconds 
========================================================================
Received Import Request.
  Time since last request: 0.000016 seconds.
  path: Assets/99. Resource/Decrepit Dungeon LITE/Textures/Grunge_F_NRM.png
  artifactKey: Guid(191392dc7fbc6f04092fdfb7dca59dde) Importer(815301076,1909f56bfc062723c751e8b465ee728b)
Start importing Assets/99. Resource/Decrepit Dungeon LITE/Textures/Grunge_F_NRM.png using Guid(191392dc7fbc6f04092fdfb7dca59dde) Importer(815301076,1909f56bfc062723c751e8b465ee728b)  -> (artifact id: 'c36aa51bd8229fa671db7485223e6496') in 0.065978 seconds 
========================================================================
Received Import Request.
  Time since last request: 0.000019 seconds.
  path: Assets/99. Resource/Decrepit Dungeon LITE/Textures/Hay_D_NRM.png
  artifactKey: Guid(3ce0e0a9c35afa64996a6ad0ce4de363) Importer(815301076,1909f56bfc062723c751e8b465ee728b)
Start importing Assets/99. Resource/Decrepit Dungeon LITE/Textures/Hay_D_NRM.png using Guid(3ce0e0a9c35afa64996a6ad0ce4de363) Importer(815301076,1909f56bfc062723c751e8b465ee728b)  -> (artifact id: '82322d699cb8ece1c6e7da6721f23364') in 0.039244 seconds 
========================================================================
Received Import Request.
  Time since last request: 0.000027 seconds.
  path: Assets/99. Resource/Decrepit Dungeon LITE/Textures/Stone_A.png
  artifactKey: Guid(f448f41a968ad3f428b7e7aee0f0c2dd) Importer(815301076,1909f56bfc062723c751e8b465ee728b)
Start importing Assets/99. Resource/Decrepit Dungeon LITE/Textures/Stone_A.png using Guid(f448f41a968ad3f428b7e7aee0f0c2dd) Importer(815301076,1909f56bfc062723c751e8b465ee728b)  -> (artifact id: 'f88ebb158d03a6d5cf4c0e6c1f56ba03') in 0.012612 seconds 
========================================================================
Received Import Request.
  Time since last request: 0.000018 seconds.
  path: Assets/99. Resource/Decrepit Dungeon LITE/Textures/Hay_B_NRM.png
  artifactKey: Guid(986815ea9fadb7c44ab0f2b27012235c) Importer(815301076,1909f56bfc062723c751e8b465ee728b)
Start importing Assets/99. Resource/Decrepit Dungeon LITE/Textures/Hay_B_NRM.png using Guid(986815ea9fadb7c44ab0f2b27012235c) Importer(815301076,1909f56bfc062723c751e8b465ee728b)  -> (artifact id: '12807b1c586d2aab39eafb7890ba3b10') in 0.013258 seconds 
========================================================================
Received Import Request.
  Time since last request: 0.000021 seconds.
  path: Assets/99. Resource/Decrepit Dungeon LITE/Textures/Stone_B.png
  artifactKey: Guid(067351177273358488c16a7a314503fe) Importer(815301076,1909f56bfc062723c751e8b465ee728b)
Start importing Assets/99. Resource/Decrepit Dungeon LITE/Textures/Stone_B.png using Guid(067351177273358488c16a7a314503fe) Importer(815301076,1909f56bfc062723c751e8b465ee728b)  -> (artifact id: '25375c3f45b24aa3bb58c2c285808b63') in 0.016457 seconds 
========================================================================
Received Import Request.
  Time since last request: 0.000018 seconds.
  path: Assets/99. Resource/Decrepit Dungeon LITE/Textures/Metal_B.png
  artifactKey: Guid(501824c1283d15149ae54440847ebab7) Importer(815301076,1909f56bfc062723c751e8b465ee728b)
Start importing Assets/99. Resource/Decrepit Dungeon LITE/Textures/Metal_B.png using Guid(501824c1283d15149ae54440847ebab7) Importer(815301076,1909f56bfc062723c751e8b465ee728b)  -> (artifact id: '49d2d8313adf1cd7d04d69239b62f4ee') in 0.018573 seconds 
========================================================================
Received Import Request.
  Time since last request: 0.000026 seconds.
  path: Assets/99. Resource/Decrepit Dungeon LITE/Textures/Hay_D.png
  artifactKey: Guid(92ad1be6105745842ae0380d3717ff27) Importer(815301076,1909f56bfc062723c751e8b465ee728b)
Start importing Assets/99. Resource/Decrepit Dungeon LITE/Textures/Hay_D.png using Guid(92ad1be6105745842ae0380d3717ff27) Importer(815301076,1909f56bfc062723c751e8b465ee728b)  -> (artifact id: '9cbef64f512b3e6e3c6376a9b16f23e5') in 0.017616 seconds 
========================================================================
Received Import Request.
  Time since last request: 0.000018 seconds.
  path: Assets/99. Resource/Decrepit Dungeon LITE/Textures/Grunge_D.png
  artifactKey: Guid(e706fd9c9cc1a854aacb615d1511bc64) Importer(815301076,1909f56bfc062723c751e8b465ee728b)
Start importing Assets/99. Resource/Decrepit Dungeon LITE/Textures/Grunge_D.png using Guid(e706fd9c9cc1a854aacb615d1511bc64) Importer(815301076,1909f56bfc062723c751e8b465ee728b)  -> (artifact id: 'c559f801bfbbf139fe7db12de0f34c6a') in 0.012998 seconds 
========================================================================
Received Import Request.
  Time since last request: 0.000016 seconds.
  path: Assets/99. Resource/Decrepit Dungeon LITE/Textures/Grunge_E.png
  artifactKey: Guid(d08e0f1ab81e11247927858148c6ce7b) Importer(815301076,1909f56bfc062723c751e8b465ee728b)
Start importing Assets/99. Resource/Decrepit Dungeon LITE/Textures/Grunge_E.png using Guid(d08e0f1ab81e11247927858148c6ce7b) Importer(815301076,1909f56bfc062723c751e8b465ee728b)  -> (artifact id: 'f4f0f9dc51df8b00c7f561ee2c964bff') in 0.013988 seconds 
========================================================================
Received Import Request.
  Time since last request: 0.000019 seconds.
  path: Assets/99. Resource/Decrepit Dungeon LITE/Textures/Grunge_C.png
  artifactKey: Guid(5e42e586c9ec99146acdacd21975d5d1) Importer(815301076,1909f56bfc062723c751e8b465ee728b)
Start importing Assets/99. Resource/Decrepit Dungeon LITE/Textures/Grunge_C.png using Guid(5e42e586c9ec99146acdacd21975d5d1) Importer(815301076,1909f56bfc062723c751e8b465ee728b)  -> (artifact id: 'a4e9e30803cd92a788aafa4c7d0db89d') in 0.013381 seconds 
========================================================================
Received Import Request.
  Time since last request: 0.000019 seconds.
  path: Assets/99. Resource/Decrepit Dungeon LITE/Textures/Hay_C_NRM.png
  artifactKey: Guid(fe19af5b55dca5340835377137a75a03) Importer(815301076,1909f56bfc062723c751e8b465ee728b)
Start importing Assets/99. Resource/Decrepit Dungeon LITE/Textures/Hay_C_NRM.png using Guid(fe19af5b55dca5340835377137a75a03) Importer(815301076,1909f56bfc062723c751e8b465ee728b)  -> (artifact id: '1a23c28d7848ae8060d9e7fb17f1e280') in 0.013528 seconds 
========================================================================
Received Import Request.
  Time since last request: 0.000077 seconds.
  path: Assets/99. Resource/Decrepit Dungeon LITE/Textures/Stone_A_NRM.png
  artifactKey: Guid(f18f4683c66594a4390cc3480abc9bb0) Importer(815301076,1909f56bfc062723c751e8b465ee728b)
Start importing Assets/99. Resource/Decrepit Dungeon LITE/Textures/Stone_A_NRM.png using Guid(f18f4683c66594a4390cc3480abc9bb0) Importer(815301076,1909f56bfc062723c751e8b465ee728b)  -> (artifact id: '95b85f536d8c9eff307cd12e7c236ccb') in 0.014236 seconds 
========================================================================
Received Import Request.
  Time since last request: 0.000023 seconds.
  path: Assets/99. Resource/Decrepit Dungeon LITE/Textures/Grunge_E_NRM.png
  artifactKey: Guid(199755e6ba5c3ee4cb26fee7d892bf50) Importer(815301076,1909f56bfc062723c751e8b465ee728b)
Start importing Assets/99. Resource/Decrepit Dungeon LITE/Textures/Grunge_E_NRM.png using Guid(199755e6ba5c3ee4cb26fee7d892bf50) Importer(815301076,1909f56bfc062723c751e8b465ee728b)  -> (artifact id: '5b116f208c8ffc737675b92f89f36d88') in 0.013659 seconds 
========================================================================
Received Import Request.
  Time since last request: 0.000018 seconds.
  path: Assets/99. Resource/Decrepit Dungeon LITE/Textures/Hay_B.png
  artifactKey: Guid(758519deeaf793440a5146109af38a71) Importer(815301076,1909f56bfc062723c751e8b465ee728b)
Start importing Assets/99. Resource/Decrepit Dungeon LITE/Textures/Hay_B.png using Guid(758519deeaf793440a5146109af38a71) Importer(815301076,1909f56bfc062723c751e8b465ee728b)  -> (artifact id: '532640f6bb6eccd042e3acac69a3869f') in 0.014034 seconds 
