Using pre-set license
Built from '2021.3/staging' branch; Version is '2021.3.20f1 (577897200b8b) revision 5732503'; Using compiler version '192829333'; Build Type 'Release'
OS: 'Windows 10  (10.0.19045) 64bit Professional' Language: 'ko' Physical Memory: 16194 MB
BatchMode: 1, IsHumanControllingUs: 0, StartBugReporterOnCrash: 0, Is64bit: 1, IsPro: 1

COMMAND LINE ARGUMENTS:
C:\Program Files\Unity\Hub\Editor\2021.3.20f1\Editor\Unity.exe
-adb2
-batchMode
-noUpm
-name
AssetImportWorker4
-projectPath
C:/Users/SGA/Desktop/test/3DGame/Unity3DGame
-logFile
Logs/AssetImportWorker4.log
-srvPort
49942
Successfully changed project path to: C:/Users/SGA/Desktop/test/3DGame/Unity3DGame
C:/Users/SGA/Desktop/test/3DGame/Unity3DGame
[UnityMemory] Configuration Parameters - Can be set up in boot.config
    "memorysetup-bucket-allocator-granularity=16"
    "memorysetup-bucket-allocator-bucket-count=8"
    "memorysetup-bucket-allocator-block-size=33554432"
    "memorysetup-bucket-allocator-block-count=8"
    "memorysetup-main-allocator-block-size=16777216"
    "memorysetup-thread-allocator-block-size=16777216"
    "memorysetup-gfx-main-allocator-block-size=16777216"
    "memorysetup-gfx-thread-allocator-block-size=16777216"
    "memorysetup-cache-allocator-block-size=4194304"
    "memorysetup-typetree-allocator-block-size=2097152"
    "memorysetup-profiler-bucket-allocator-granularity=16"
    "memorysetup-profiler-bucket-allocator-bucket-count=8"
    "memorysetup-profiler-bucket-allocator-block-size=33554432"
    "memorysetup-profiler-bucket-allocator-block-count=8"
    "memorysetup-profiler-allocator-block-size=16777216"
    "memorysetup-profiler-editor-allocator-block-size=1048576"
    "memorysetup-temp-allocator-size-main=16777216"
    "memorysetup-job-temp-allocator-block-size=2097152"
    "memorysetup-job-temp-allocator-block-size-background=1048576"
    "memorysetup-job-temp-allocator-reduction-small-platforms=262144"
    "memorysetup-temp-allocator-size-background-worker=32768"
    "memorysetup-temp-allocator-size-job-worker=262144"
    "memorysetup-temp-allocator-size-preload-manager=33554432"
    "memorysetup-temp-allocator-size-nav-mesh-worker=65536"
    "memorysetup-temp-allocator-size-audio-worker=65536"
    "memorysetup-temp-allocator-size-cloud-worker=32768"
    "memorysetup-temp-allocator-size-gi-baking-worker=262144"
    "memorysetup-temp-allocator-size-gfx=262144"
Player connection [17740] Host "[IP] 192.168.0.176 [Port] 0 [Flags] 2 [Guid] 3833484528 [EditorId] 3833484528 [Version] 1048832 [Id] WindowsEditor(7,DESKTOP-HQKDT44) [Debug] 1 [PackageName] WindowsEditor [ProjectName] Editor" joined multi-casting on [225.0.0.222:54997]...

Player connection [17740] Host "[IP] 192.168.0.176 [Port] 0 [Flags] 2 [Guid] 3833484528 [EditorId] 3833484528 [Version] 1048832 [Id] WindowsEditor(7,DESKTOP-HQKDT44) [Debug] 1 [PackageName] WindowsEditor [ProjectName] Editor" joined alternative multi-casting on [225.0.0.222:34997]...

Refreshing native plugins compatible for Editor in 49.32 ms, found 3 plugins.
Preloading 0 native plugins for Editor in 0.00 ms.
Initialize engine version: 2021.3.20f1 (577897200b8b)
[Subsystems] Discovering subsystems at path C:/Program Files/Unity/Hub/Editor/2021.3.20f1/Editor/Data/Resources/UnitySubsystems
[Subsystems] Discovering subsystems at path C:/Users/SGA/Desktop/test/3DGame/Unity3DGame/Assets
GfxDevice: creating device client; threaded=0; jobified=0
Direct3D:
    Version:  Direct3D 11.0 [level 11.1]
    Renderer: NVIDIA GeForce GTX 1650 (ID=0x1f82)
    Vendor:   NVIDIA
    VRAM:     3949 MB
    Driver:   31.0.15.3179
Initialize mono
Mono path[0] = 'C:/Program Files/Unity/Hub/Editor/2021.3.20f1/Editor/Data/Managed'
Mono path[1] = 'C:/Program Files/Unity/Hub/Editor/2021.3.20f1/Editor/Data/MonoBleedingEdge/lib/mono/unityjit-win32'
Mono config path = 'C:/Program Files/Unity/Hub/Editor/2021.3.20f1/Editor/Data/MonoBleedingEdge/etc'
Using monoOptions --debugger-agent=transport=dt_socket,embedding=1,server=y,suspend=n,address=127.0.0.1:56480
Begin MonoManager ReloadAssembly
Registering precompiled unity dll's ...
Register platform support module: C:/Program Files/Unity/Hub/Editor/2021.3.20f1/Editor/Data/PlaybackEngines/AndroidPlayer/UnityEditor.Android.Extensions.dll
Register platform support module: C:/Program Files/Unity/Hub/Editor/2021.3.20f1/Editor/Data/PlaybackEngines/WindowsStandaloneSupport/UnityEditor.WindowsStandalone.Extensions.dll
Registered in 0.004093 seconds.
Native extension for WindowsStandalone target not found
Native extension for Android target not found
Android Extension - Scanning For ADB Devices 132 ms
Refreshing native plugins compatible for Editor in 49.70 ms, found 3 plugins.
Preloading 0 native plugins for Editor in 0.00 ms.
Mono: successfully reloaded assembly
- Completed reload, in  0.559 seconds
Domain Reload Profiling:
	ReloadAssembly (560ms)
		BeginReloadAssembly (56ms)
			ExecutionOrderSort (0ms)
			DisableScriptedObjects (0ms)
			BackupInstance (0ms)
			ReleaseScriptingObjects (0ms)
			CreateAndSetChildDomain (1ms)
		EndReloadAssembly (438ms)
			LoadAssemblies (55ms)
			RebuildTransferFunctionScriptingTraits (0ms)
			SetupTypeCache (69ms)
			ReleaseScriptCaches (0ms)
			RebuildScriptCaches (17ms)
			SetupLoadedEditorAssemblies (316ms)
				LogAssemblyErrors (0ms)
				InitializePlatformSupportModulesInManaged (177ms)
				SetLoadedEditorAssemblies (0ms)
				RefreshPlugins (50ms)
				BeforeProcessingInitializeOnLoad (1ms)
				ProcessInitializeOnLoadAttributes (59ms)
				ProcessInitializeOnLoadMethodAttributes (29ms)
				AfterProcessingInitializeOnLoad (0ms)
				EditorAssembliesLoaded (0ms)
			ExecutionOrderSort2 (0ms)
			AwakeInstancesAfterBackupRestoration (0ms)
Platform modules already initialized, skipping
Registering precompiled user dll's ...
Registered in 0.002815 seconds.
Begin MonoManager ReloadAssembly
Symbol file LoadedFromMemory doesn't match image C:\Users\SGA\Desktop\test\3DGame\Unity3DGame\Library\PackageCache\com.unity.visualscripting@1.8.0\Editor\VisualScripting.Core\Dependencies\YamlDotNet\Unity.VisualScripting.YamlDotNet.dll
Symbol file LoadedFromMemory doesn't match image C:\Users\SGA\Desktop\test\3DGame\Unity3DGame\Library\PackageCache\com.unity.visualscripting@1.8.0\Editor\VisualScripting.Core\Dependencies\DotNetZip\Unity.VisualScripting.IonicZip.dll
Native extension for WindowsStandalone target not found
Native extension for Android target not found
Refreshing native plugins compatible for Editor in 0.36 ms, found 3 plugins.
Preloading 0 native plugins for Editor in 0.00 ms.
Mono: successfully reloaded assembly
- Completed reload, in  0.623 seconds
Domain Reload Profiling:
	ReloadAssembly (623ms)
		BeginReloadAssembly (74ms)
			ExecutionOrderSort (0ms)
			DisableScriptedObjects (4ms)
			BackupInstance (0ms)
			ReleaseScriptingObjects (0ms)
			CreateAndSetChildDomain (13ms)
		EndReloadAssembly (482ms)
			LoadAssemblies (55ms)
			RebuildTransferFunctionScriptingTraits (0ms)
			SetupTypeCache (160ms)
			ReleaseScriptCaches (0ms)
			RebuildScriptCaches (30ms)
			SetupLoadedEditorAssemblies (215ms)
				LogAssemblyErrors (0ms)
				InitializePlatformSupportModulesInManaged (12ms)
				SetLoadedEditorAssemblies (0ms)
				RefreshPlugins (0ms)
				BeforeProcessingInitializeOnLoad (49ms)
				ProcessInitializeOnLoadAttributes (137ms)
				ProcessInitializeOnLoadMethodAttributes (13ms)
				AfterProcessingInitializeOnLoad (4ms)
				EditorAssembliesLoaded (0ms)
			ExecutionOrderSort2 (0ms)
			AwakeInstancesAfterBackupRestoration (4ms)
Platform modules already initialized, skipping
========================================================================
Worker process is ready to serve import requests
Launched and connected shader compiler UnityShaderCompiler.exe after 0.02 seconds
Refreshing native plugins compatible for Editor in 0.39 ms, found 3 plugins.
Preloading 0 native plugins for Editor in 0.00 ms.
Unloading 3051 Unused Serialized files (Serialized files now loaded: 0)
Unloading 24 unused Assets / (113.9 KB). Loaded Objects now: 3528.
Memory consumption went from 124.2 MB to 124.1 MB.
Total: 1.990200 ms (FindLiveObjects: 0.159300 ms CreateObjectMapping: 0.064300 ms MarkObjects: 1.684100 ms  DeleteObjects: 0.082000 ms)

AssetImportParameters requested are different than current active one (requested -> active):
  custom:video-decoder-ogg-theora: a1e56fd34408186e4bbccfd4996cb3dc -> 
  custom:container-muxer-webm: aa71ff27fc2769a1b78a27578f13a17b -> 
  custom:container-demuxer-webm: 4f35f7cbe854078d1ac9338744f61a02 -> 
  custom:video-encoder-webm-vp8: eb34c28f22e8b96e1ab97ce403110664 -> 
  custom:audio-encoder-webm-vorbis: bf7c407c2cedff20999df2af8eb42d56 -> 
  custom:framework-win-MediaFoundation: 216162199b28c13a410421893ffa2e32 -> 
  custom:container-demuxer-ogg: 62fdf1f143b41e24485cea50d1cbac27 -> 
  custom:video-decoder-webm-vp8: 9c59270c3fd7afecdb556c50c9e8de78 -> 
  custom:audio-decoder-ogg-vorbis: bf7c407c2cedff20999df2af8eb42d56 -> 
========================================================================
Received Import Request.
  Time since last request: 1735.856750 seconds.
  path: Assets/Prefabs/Pillars
  artifactKey: Guid(b63ef2e07cb50c148ae315dbee6aec4c) Importer(815301076,1909f56bfc062723c751e8b465ee728b)
Start importing Assets/Prefabs/Pillars using Guid(b63ef2e07cb50c148ae315dbee6aec4c) Importer(815301076,1909f56bfc062723c751e8b465ee728b)  -> (artifact id: 'a5ec2e4db3ca14b30843dea0acf62d9b') in 0.013087 seconds 
========================================================================
Received Import Request.
  Time since last request: 0.054692 seconds.
  path: Assets/Prefabs/Pillars/Pillar_A.prefab
  artifactKey: Guid(b93fbb2e189612641be84b2521736734) Importer(815301076,1909f56bfc062723c751e8b465ee728b)
Start importing Assets/Prefabs/Pillars/Pillar_A.prefab using Guid(b93fbb2e189612641be84b2521736734) Importer(815301076,1909f56bfc062723c751e8b465ee728b)  -> (artifact id: '7d6f8a1d521bcd6dc1dde80a18012b02') in 0.107073 seconds 
========================================================================
Received Import Request.
  Time since last request: 1.620122 seconds.
  path: Assets/Prefabs/Floors
  artifactKey: Guid(cd2ff047c257ae248a94c7a9d70928ca) Importer(815301076,1909f56bfc062723c751e8b465ee728b)
Start importing Assets/Prefabs/Floors using Guid(cd2ff047c257ae248a94c7a9d70928ca) Importer(815301076,1909f56bfc062723c751e8b465ee728b)  -> (artifact id: '78079f4b4994e9f58a7d9aabc12eadee') in 0.009603 seconds 
========================================================================
Received Import Request.
  Time since last request: 0.072130 seconds.
  path: Assets/Prefabs/Floors/Floor_A.prefab
  artifactKey: Guid(b2f96746c6005c64888263f64272a556) Importer(815301076,1909f56bfc062723c751e8b465ee728b)
Start importing Assets/Prefabs/Floors/Floor_A.prefab using Guid(b2f96746c6005c64888263f64272a556) Importer(815301076,1909f56bfc062723c751e8b465ee728b)  -> (artifact id: 'e49dc8f6fe151b0a2eaead1a61566b9e') in 0.014037 seconds 
========================================================================
Received Import Request.
  Time since last request: 1.858105 seconds.
  path: Assets/Prefabs/Doorways
  artifactKey: Guid(5ebe591cb4113d54d9534183d7c436b5) Importer(815301076,1909f56bfc062723c751e8b465ee728b)
Start importing Assets/Prefabs/Doorways using Guid(5ebe591cb4113d54d9534183d7c436b5) Importer(815301076,1909f56bfc062723c751e8b465ee728b)  -> (artifact id: 'f99e8f2c82640371ee84d9fafe271b97') in 0.008913 seconds 
========================================================================
Received Import Request.
  Time since last request: 0.058235 seconds.
  path: Assets/Prefabs/Doorways/Doorway_A.prefab
  artifactKey: Guid(10f6c197dbc5b3d4bb207a1bd7921eba) Importer(815301076,1909f56bfc062723c751e8b465ee728b)
Start importing Assets/Prefabs/Doorways/Doorway_A.prefab using Guid(10f6c197dbc5b3d4bb207a1bd7921eba) Importer(815301076,1909f56bfc062723c751e8b465ee728b)  -> (artifact id: '474d76faa3e8afbc6a10889bb6617bf6') in 0.016959 seconds 
========================================================================
Received Import Request.
  Time since last request: 2.764275 seconds.
  path: Assets/Prefabs/Decals
  artifactKey: Guid(25a24ea2e29114948b9f6c42d4860c5d) Importer(815301076,1909f56bfc062723c751e8b465ee728b)
Start importing Assets/Prefabs/Decals using Guid(25a24ea2e29114948b9f6c42d4860c5d) Importer(815301076,1909f56bfc062723c751e8b465ee728b)  -> (artifact id: '636283586d206a2acd97a92ecbe05847') in 0.008890 seconds 
========================================================================
Received Import Request.
  Time since last request: 0.048370 seconds.
  path: Assets/Prefabs/Decals/Grunge_A.prefab
  artifactKey: Guid(fcbd3be90bc4c7f4080b171503d710dd) Importer(815301076,1909f56bfc062723c751e8b465ee728b)
Start importing Assets/Prefabs/Decals/Grunge_A.prefab using Guid(fcbd3be90bc4c7f4080b171503d710dd) Importer(815301076,1909f56bfc062723c751e8b465ee728b)  -> (artifact id: '7427a66966763404c64c6f0beac6e91c') in 0.031149 seconds 
========================================================================
Received Import Request.
  Time since last request: 0.000030 seconds.
  path: Assets/Prefabs/Decals/Hay_A.prefab
  artifactKey: Guid(db376d84db5f60748b98e9a47b6770ab) Importer(815301076,1909f56bfc062723c751e8b465ee728b)
Start importing Assets/Prefabs/Decals/Hay_A.prefab using Guid(db376d84db5f60748b98e9a47b6770ab) Importer(815301076,1909f56bfc062723c751e8b465ee728b)  -> (artifact id: 'b77620cdde9f0db0edd6145d5c9188e4') in 0.017974 seconds 
========================================================================
Received Import Request.
  Time since last request: 0.000025 seconds.
  path: Assets/Prefabs/Decals/Hay_C.prefab
  artifactKey: Guid(277581e3138a61f46878277a7d68a675) Importer(815301076,1909f56bfc062723c751e8b465ee728b)
Start importing Assets/Prefabs/Decals/Hay_C.prefab using Guid(277581e3138a61f46878277a7d68a675) Importer(815301076,1909f56bfc062723c751e8b465ee728b)  -> (artifact id: '9ce213049e355174610a7227516a8096') in 0.017257 seconds 
========================================================================
Received Import Request.
  Time since last request: 0.000019 seconds.
  path: Assets/Prefabs/Decals/Wax.prefab
  artifactKey: Guid(7de209ee5e8595e41887a1dedd915a11) Importer(815301076,1909f56bfc062723c751e8b465ee728b)
Start importing Assets/Prefabs/Decals/Wax.prefab using Guid(7de209ee5e8595e41887a1dedd915a11) Importer(815301076,1909f56bfc062723c751e8b465ee728b)  -> (artifact id: '2ee7e85d18f39ccd9f5403d660dd9b98') in 0.015459 seconds 
========================================================================
Received Import Request.
  Time since last request: 2.595759 seconds.
  path: Assets/Prefabs/Stairs
  artifactKey: Guid(48d701cbd13fbe542936bbd43b033202) Importer(815301076,1909f56bfc062723c751e8b465ee728b)
Start importing Assets/Prefabs/Stairs using Guid(48d701cbd13fbe542936bbd43b033202) Importer(815301076,1909f56bfc062723c751e8b465ee728b)  -> (artifact id: 'b7787773d6ae5b9de5a30229f6cedb36') in 0.009165 seconds 
========================================================================
Received Import Request.
  Time since last request: 0.071158 seconds.
  path: Assets/Prefabs/Stairs/Stairs_A.prefab
  artifactKey: Guid(b5e6d0f89d317b146a5e063b6c80a8fe) Importer(815301076,1909f56bfc062723c751e8b465ee728b)
Start importing Assets/Prefabs/Stairs/Stairs_A.prefab using Guid(b5e6d0f89d317b146a5e063b6c80a8fe) Importer(815301076,1909f56bfc062723c751e8b465ee728b)  -> (artifact id: '7cd377548bf61c8925b48439657035b5') in 0.033871 seconds 
========================================================================
Received Import Request.
  Time since last request: 0.000020 seconds.
  path: Assets/Prefabs/Stairs/Stairs_F.prefab
  artifactKey: Guid(7c84b5794225d8a4ca0500ec37701101) Importer(815301076,1909f56bfc062723c751e8b465ee728b)
Start importing Assets/Prefabs/Stairs/Stairs_F.prefab using Guid(7c84b5794225d8a4ca0500ec37701101) Importer(815301076,1909f56bfc062723c751e8b465ee728b)  -> (artifact id: '39ea4558de70e642125306ad6a66c04b') in 0.042990 seconds 
========================================================================
Received Import Request.
  Time since last request: 2.000747 seconds.
  path: Assets/Prefabs/Props
  artifactKey: Guid(e12291f29b279bb4ab9fc5c688036ddb) Importer(815301076,1909f56bfc062723c751e8b465ee728b)
Start importing Assets/Prefabs/Props using Guid(e12291f29b279bb4ab9fc5c688036ddb) Importer(815301076,1909f56bfc062723c751e8b465ee728b)  -> (artifact id: '306cdce0cdaf48f81f810551c228a420') in 0.009838 seconds 
========================================================================
Received Import Request.
  Time since last request: 0.053498 seconds.
  path: Assets/Prefabs/Props/Arch_Gate.prefab
  artifactKey: Guid(e8509d0bc33ac9c4088232205ccc9352) Importer(815301076,1909f56bfc062723c751e8b465ee728b)
Start importing Assets/Prefabs/Props/Arch_Gate.prefab using Guid(e8509d0bc33ac9c4088232205ccc9352) Importer(815301076,1909f56bfc062723c751e8b465ee728b)  -> (artifact id: 'd6bd1149691b29d43860579ac5a57455') in 0.034527 seconds 
========================================================================
Received Import Request.
  Time since last request: 0.000021 seconds.
  path: Assets/Prefabs/Props/Stool_A.prefab
  artifactKey: Guid(99eb208358f64d247b2294b674f35fd7) Importer(815301076,1909f56bfc062723c751e8b465ee728b)
Start importing Assets/Prefabs/Props/Stool_A.prefab using Guid(99eb208358f64d247b2294b674f35fd7) Importer(815301076,1909f56bfc062723c751e8b465ee728b)  -> (artifact id: 'd41d710cf9542c54d62dc93692f8e912') in 0.090448 seconds 
========================================================================
Received Import Request.
  Time since last request: 0.000019 seconds.
  path: Assets/Prefabs/Props/Chain_A.prefab
  artifactKey: Guid(9245e26ad7c62d04b85159fbd3564c2c) Importer(815301076,1909f56bfc062723c751e8b465ee728b)
Start importing Assets/Prefabs/Props/Chain_A.prefab using Guid(9245e26ad7c62d04b85159fbd3564c2c) Importer(815301076,1909f56bfc062723c751e8b465ee728b)  -> (artifact id: '554a1ac518e5ab43f7ad6083a200ae4f') in 0.028794 seconds 
========================================================================
Received Import Request.
  Time since last request: 0.000028 seconds.
  path: Assets/Prefabs/Props/Crate_C.prefab
  artifactKey: Guid(e9304edb27ba2474ca3a050aa5bc741b) Importer(815301076,1909f56bfc062723c751e8b465ee728b)
Start importing Assets/Prefabs/Props/Crate_C.prefab using Guid(e9304edb27ba2474ca3a050aa5bc741b) Importer(815301076,1909f56bfc062723c751e8b465ee728b)  -> (artifact id: 'bee18a0ed29b7a978e4b5a87b5e02571') in 0.024118 seconds 
========================================================================
Received Import Request.
  Time since last request: 0.000016 seconds.
  path: Assets/Prefabs/Props/Ladder.prefab
  artifactKey: Guid(7bade91c709d500478a3cdaa697994d7) Importer(815301076,1909f56bfc062723c751e8b465ee728b)
Start importing Assets/Prefabs/Props/Ladder.prefab using Guid(7bade91c709d500478a3cdaa697994d7) Importer(815301076,1909f56bfc062723c751e8b465ee728b)  -> (artifact id: 'acfd7c12c7771e7fab96066156ba2f47') in 0.017708 seconds 
========================================================================
Received Import Request.
  Time since last request: 0.000019 seconds.
  path: Assets/Prefabs/Props/Tunnel_Grate_Broken.prefab
  artifactKey: Guid(3cee1252b3c2c9644a890b8c04e80479) Importer(815301076,1909f56bfc062723c751e8b465ee728b)
Start importing Assets/Prefabs/Props/Tunnel_Grate_Broken.prefab using Guid(3cee1252b3c2c9644a890b8c04e80479) Importer(815301076,1909f56bfc062723c751e8b465ee728b)  -> (artifact id: 'd1df536dc55c5130ebcc899160875b93') in 0.019786 seconds 
========================================================================
Received Import Request.
  Time since last request: 0.000017 seconds.
  path: Assets/Prefabs/Props/Table_C.prefab
  artifactKey: Guid(09edea94305a15149b2ac23692282140) Importer(815301076,1909f56bfc062723c751e8b465ee728b)
Start importing Assets/Prefabs/Props/Table_C.prefab using Guid(09edea94305a15149b2ac23692282140) Importer(815301076,1909f56bfc062723c751e8b465ee728b)  -> (artifact id: 'a1efc23a21b13e7091f642b2fc6daba6') in 0.017895 seconds 
========================================================================
Received Import Request.
  Time since last request: 0.000021 seconds.
  path: Assets/Prefabs/Props/Table_B.prefab
  artifactKey: Guid(4a90ae8b8179ff54e8f81ca11ea0252f) Importer(815301076,1909f56bfc062723c751e8b465ee728b)
Start importing Assets/Prefabs/Props/Table_B.prefab using Guid(4a90ae8b8179ff54e8f81ca11ea0252f) Importer(815301076,1909f56bfc062723c751e8b465ee728b)  -> (artifact id: 'fa51ee6a314e7e0de83437ae71d28266') in 0.021247 seconds 
========================================================================
Received Import Request.
  Time since last request: 0.000018 seconds.
  path: Assets/Prefabs/Props/Chain_E.prefab
  artifactKey: Guid(4715386e7afed1345a57603db6aace5c) Importer(815301076,1909f56bfc062723c751e8b465ee728b)
Start importing Assets/Prefabs/Props/Chain_E.prefab using Guid(4715386e7afed1345a57603db6aace5c) Importer(815301076,1909f56bfc062723c751e8b465ee728b)  -> (artifact id: '31d36d91afbcbd557c27b10117b1f117') in 0.018783 seconds 
========================================================================
Received Import Request.
  Time since last request: 74.436742 seconds.
  path: Assets/99. Resource
  artifactKey: Guid(27ea29753ffdf8341afdddf71405e2ef) Importer(815301076,1909f56bfc062723c751e8b465ee728b)
Start importing Assets/99. Resource using Guid(27ea29753ffdf8341afdddf71405e2ef) Importer(815301076,1909f56bfc062723c751e8b465ee728b)  -> (artifact id: '74a139b95ddd51bc58c2433258968f2e') in 0.009062 seconds 
========================================================================
Received Import Request.
  Time since last request: 0.780878 seconds.
  path: Assets/99. Resource/Demo_Scene.unity
  artifactKey: Guid(14a2c64dbd956d346b9f674d144cc297) Importer(815301076,1909f56bfc062723c751e8b465ee728b)
Start importing Assets/99. Resource/Demo_Scene.unity using Guid(14a2c64dbd956d346b9f674d144cc297) Importer(815301076,1909f56bfc062723c751e8b465ee728b)  -> (artifact id: '2dd6a90863c45538954e408c72abc9cb') in 0.008491 seconds 
========================================================================
Received Import Request.
  Time since last request: 18.812957 seconds.
  path: Assets/Scenes
  artifactKey: Guid(6ea315d0fd7389c41b19996891e99ae3) Importer(815301076,1909f56bfc062723c751e8b465ee728b)
Start importing Assets/Scenes using Guid(6ea315d0fd7389c41b19996891e99ae3) Importer(815301076,1909f56bfc062723c751e8b465ee728b)  -> (artifact id: 'bc172811d573b296104adb4d2728db37') in 0.008380 seconds 
========================================================================
Received Import Request.
  Time since last request: 1.007117 seconds.
  path: Assets/Scenes/Game Play.unity
  artifactKey: Guid(9fc0d4010bbf28b4594072e72b8655ab) Importer(815301076,1909f56bfc062723c751e8b465ee728b)
Start importing Assets/Scenes/Game Play.unity using Guid(9fc0d4010bbf28b4594072e72b8655ab) Importer(815301076,1909f56bfc062723c751e8b465ee728b)  -> (artifact id: '8a33c0d906319c30e0523940a2689f96') in 0.009384 seconds 
========================================================================
Received Import Request.
  Time since last request: 11.551177 seconds.
  path: Assets/99. Resource/Adventure_Character/Mesh/Man_Mesh.FBX
  artifactKey: Guid(b8a7488d12adc39498433d60811eab1a) Importer(815301076,1909f56bfc062723c751e8b465ee728b)
Start importing Assets/99. Resource/Adventure_Character/Mesh/Man_Mesh.FBX using Guid(b8a7488d12adc39498433d60811eab1a) Importer(815301076,1909f56bfc062723c751e8b465ee728b)  -> (artifact id: 'bbc85f70b2aca080606db58330531815') in 0.242536 seconds 
========================================================================
Received Import Request.
  Time since last request: 0.000025 seconds.
  path: Assets/99. Resource/Decrepit Dungeon LITE/Meshes/Object Colliders.fbx
  artifactKey: Guid(628e5212ccbe5044ba8b70740d37394e) Importer(815301076,1909f56bfc062723c751e8b465ee728b)
Start importing Assets/99. Resource/Decrepit Dungeon LITE/Meshes/Object Colliders.fbx using Guid(628e5212ccbe5044ba8b70740d37394e) Importer(815301076,1909f56bfc062723c751e8b465ee728b)  -> (artifact id: 'afd2a559713ca9d7254a323c99c6e373') in 0.165554 seconds 
========================================================================
Received Import Request.
  Time since last request: 0.000035 seconds.
  path: Assets/99. Resource/Decrepit Dungeon LITE/Meshes/Pillars.fbx
  artifactKey: Guid(8e32c35cdca5d9f4b95e36a496a3b596) Importer(815301076,1909f56bfc062723c751e8b465ee728b)
Start importing Assets/99. Resource/Decrepit Dungeon LITE/Meshes/Pillars.fbx using Guid(8e32c35cdca5d9f4b95e36a496a3b596) Importer(815301076,1909f56bfc062723c751e8b465ee728b)  -> (artifact id: 'aaa9b1d01273104b2451a83509b63bf6') in 0.048506 seconds 
========================================================================
Received Import Request.
  Time since last request: 0.000018 seconds.
  path: Assets/99. Resource/Decrepit Dungeon LITE/Materials/Cement_A.mat
  artifactKey: Guid(ce27d762ab6fc134aa497f3470cefbb3) Importer(815301076,1909f56bfc062723c751e8b465ee728b)
Start importing Assets/99. Resource/Decrepit Dungeon LITE/Materials/Cement_A.mat using Guid(ce27d762ab6fc134aa497f3470cefbb3) Importer(815301076,1909f56bfc062723c751e8b465ee728b)  -> (artifact id: '82b3fba1efbb6793f7eb38f61529747e') in 0.040345 seconds 
========================================================================
Received Import Request.
  Time since last request: 0.000021 seconds.
  path: Assets/99. Resource/Decrepit Dungeon LITE/Meshes/Arches.fbx
  artifactKey: Guid(c5a0cbaff03e01547841e9d71417ea60) Importer(815301076,1909f56bfc062723c751e8b465ee728b)
Start importing Assets/99. Resource/Decrepit Dungeon LITE/Meshes/Arches.fbx using Guid(c5a0cbaff03e01547841e9d71417ea60) Importer(815301076,1909f56bfc062723c751e8b465ee728b)  -> (artifact id: 'cebfcc139050781853e8d7fb581409fe') in 0.028892 seconds 
========================================================================
Received Import Request.
  Time since last request: 0.000018 seconds.
  path: Assets/99. Resource/Decrepit Dungeon LITE/Textures/Cement_A_NRM.png
  artifactKey: Guid(e8458bbdb96bad8489f99fa159e0a199) Importer(815301076,1909f56bfc062723c751e8b465ee728b)
Start importing Assets/99. Resource/Decrepit Dungeon LITE/Textures/Cement_A_NRM.png using Guid(e8458bbdb96bad8489f99fa159e0a199) Importer(815301076,1909f56bfc062723c751e8b465ee728b)  -> (artifact id: 'b1af594d166b0b4e029cbd0d7034057b') in 0.017749 seconds 
========================================================================
Received Import Request.
  Time since last request: 0.000019 seconds.
  path: Assets/99. Resource/Decrepit Dungeon LITE/Textures/Cement_A.png
  artifactKey: Guid(7eecb50e2673b7941912a83698b951d2) Importer(815301076,1909f56bfc062723c751e8b465ee728b)
Start importing Assets/99. Resource/Decrepit Dungeon LITE/Textures/Cement_A.png using Guid(7eecb50e2673b7941912a83698b951d2) Importer(815301076,1909f56bfc062723c751e8b465ee728b)  -> (artifact id: 'a0e8e24315fe58e1050c7c647fd899af') in 0.015108 seconds 
========================================================================
Received Import Request.
  Time since last request: 0.000016 seconds.
  path: Assets/99. Resource/CombinationPadLock/Texture/CombinationLock_Metallic.png
  artifactKey: Guid(7d3ae43440e621a4582c27d791158ad3) Importer(815301076,1909f56bfc062723c751e8b465ee728b)
Start importing Assets/99. Resource/CombinationPadLock/Texture/CombinationLock_Metallic.png using Guid(7d3ae43440e621a4582c27d791158ad3) Importer(815301076,1909f56bfc062723c751e8b465ee728b)  -> (artifact id: '975b06415fb9f554dfca230684218a22') in 0.016250 seconds 
========================================================================
Received Import Request.
  Time since last request: 0.000028 seconds.
  path: Assets/99. Resource/CombinationPadLock/Material/CombinationLock.mat
  artifactKey: Guid(aec8ac6dd85f9274d83b2f7df8db3675) Importer(815301076,1909f56bfc062723c751e8b465ee728b)
Start importing Assets/99. Resource/CombinationPadLock/Material/CombinationLock.mat using Guid(aec8ac6dd85f9274d83b2f7df8db3675) Importer(815301076,1909f56bfc062723c751e8b465ee728b)  -> (artifact id: 'b5f502303df6521ee7cf840444002d9b') in 0.017449 seconds 
========================================================================
Received Import Request.
  Time since last request: 0.000017 seconds.
  path: Assets/99. Resource/CombinationPadLock/Texture/CombinationLock_Albedo.png
  artifactKey: Guid(2c2a26c37fe65314f8909f4c59603b09) Importer(815301076,1909f56bfc062723c751e8b465ee728b)
Start importing Assets/99. Resource/CombinationPadLock/Texture/CombinationLock_Albedo.png using Guid(2c2a26c37fe65314f8909f4c59603b09) Importer(815301076,1909f56bfc062723c751e8b465ee728b)  -> (artifact id: '960d86dfba41f2307fb3c67951b753e1') in 0.013265 seconds 
========================================================================
Received Import Request.
  Time since last request: 0.000029 seconds.
  path: Assets/99. Resource/Decrepit Dungeon LITE/Meshes/Walls.fbx
  artifactKey: Guid(6c823a569ab4348479597ed4693bc618) Importer(815301076,1909f56bfc062723c751e8b465ee728b)
Start importing Assets/99. Resource/Decrepit Dungeon LITE/Meshes/Walls.fbx using Guid(6c823a569ab4348479597ed4693bc618) Importer(815301076,1909f56bfc062723c751e8b465ee728b)  -> (artifact id: '841c9a1c54da8a62d9e15b2164c1bed1') in 0.099777 seconds 
========================================================================
Received Import Request.
  Time since last request: 0.000018 seconds.
  path: Assets/99. Resource/Decrepit Dungeon LITE/Meshes/Doorways.fbx
  artifactKey: Guid(97fa12cc510c6864b90512c53eb8df40) Importer(815301076,1909f56bfc062723c751e8b465ee728b)
Start importing Assets/99. Resource/Decrepit Dungeon LITE/Meshes/Doorways.fbx using Guid(97fa12cc510c6864b90512c53eb8df40) Importer(815301076,1909f56bfc062723c751e8b465ee728b)  -> (artifact id: '9bfdd02f455802ce861e289dda0c2913') in 0.033847 seconds 
========================================================================
Received Import Request.
  Time since last request: 0.000018 seconds.
  path: Assets/99. Resource/CombinationPadLock/Texture/CombinationLock_Normal.png
  artifactKey: Guid(6a79a30ba14d6ce4d9a3a834db8c806a) Importer(815301076,1909f56bfc062723c751e8b465ee728b)
Start importing Assets/99. Resource/CombinationPadLock/Texture/CombinationLock_Normal.png using Guid(6a79a30ba14d6ce4d9a3a834db8c806a) Importer(815301076,1909f56bfc062723c751e8b465ee728b)  -> (artifact id: '1180b62c9583ccb42ce7d52e819711b7') in 0.014536 seconds 
========================================================================
Received Import Request.
  Time since last request: 0.000024 seconds.
  path: Assets/99. Resource/Decrepit Dungeon LITE/Textures/Cement_B.png
  artifactKey: Guid(31560fb5c67b7284e9e41df740b8cb1b) Importer(815301076,1909f56bfc062723c751e8b465ee728b)
Start importing Assets/99. Resource/Decrepit Dungeon LITE/Textures/Cement_B.png using Guid(31560fb5c67b7284e9e41df740b8cb1b) Importer(815301076,1909f56bfc062723c751e8b465ee728b)  -> (artifact id: 'd94df8c754861add60e80e45a15b601e') in 0.013649 seconds 
========================================================================
Received Import Request.
  Time since last request: 0.000024 seconds.
  path: Assets/99. Resource/Decrepit Dungeon LITE/Textures/Cement_B_NRM.png
  artifactKey: Guid(23125a51be1a15c45b06228cd65a8e1a) Importer(815301076,1909f56bfc062723c751e8b465ee728b)
Start importing Assets/99. Resource/Decrepit Dungeon LITE/Textures/Cement_B_NRM.png using Guid(23125a51be1a15c45b06228cd65a8e1a) Importer(815301076,1909f56bfc062723c751e8b465ee728b)  -> (artifact id: '11668370daea7c8fb4045301326127f8') in 0.014154 seconds 
Editor requested this worker to shutdown with reason: Scaling down because of idle timeout
AssetImportWorker is now disconnected from the server
Process exiting
Exiting without the bug reporter. Application will terminate with return code 0