Using pre-set license
Built from '2021.3/staging' branch; Version is '2021.3.20f1 (577897200b8b) revision 5732503'; Using compiler version '192829333'; Build Type 'Release'
OS: 'Windows 10  (10.0.19045) 64bit Professional' Language: 'ko' Physical Memory: 16194 MB
BatchMode: 1, IsHumanControllingUs: 0, StartBugReporterOnCrash: 0, Is64bit: 1, IsPro: 1

COMMAND LINE ARGUMENTS:
C:\Program Files\Unity\Hub\Editor\2021.3.20f1\Editor\Unity.exe
-adb2
-batchMode
-noUpm
-name
AssetImportWorker4
-projectPath
C:/Users/SGA/Desktop/test/3DGame/Unity3DGame
-logFile
Logs/AssetImportWorker4.log
-srvPort
50402
Successfully changed project path to: C:/Users/SGA/Desktop/test/3DGame/Unity3DGame
C:/Users/SGA/Desktop/test/3DGame/Unity3DGame
[UnityMemory] Configuration Parameters - Can be set up in boot.config
    "memorysetup-bucket-allocator-granularity=16"
    "memorysetup-bucket-allocator-bucket-count=8"
    "memorysetup-bucket-allocator-block-size=33554432"
    "memorysetup-bucket-allocator-block-count=8"
    "memorysetup-main-allocator-block-size=16777216"
    "memorysetup-thread-allocator-block-size=16777216"
    "memorysetup-gfx-main-allocator-block-size=16777216"
    "memorysetup-gfx-thread-allocator-block-size=16777216"
    "memorysetup-cache-allocator-block-size=4194304"
    "memorysetup-typetree-allocator-block-size=2097152"
    "memorysetup-profiler-bucket-allocator-granularity=16"
    "memorysetup-profiler-bucket-allocator-bucket-count=8"
    "memorysetup-profiler-bucket-allocator-block-size=33554432"
    "memorysetup-profiler-bucket-allocator-block-count=8"
    "memorysetup-profiler-allocator-block-size=16777216"
    "memorysetup-profiler-editor-allocator-block-size=1048576"
    "memorysetup-temp-allocator-size-main=16777216"
    "memorysetup-job-temp-allocator-block-size=2097152"
    "memorysetup-job-temp-allocator-block-size-background=1048576"
    "memorysetup-job-temp-allocator-reduction-small-platforms=262144"
    "memorysetup-temp-allocator-size-background-worker=32768"
    "memorysetup-temp-allocator-size-job-worker=262144"
    "memorysetup-temp-allocator-size-preload-manager=33554432"
    "memorysetup-temp-allocator-size-nav-mesh-worker=65536"
    "memorysetup-temp-allocator-size-audio-worker=65536"
    "memorysetup-temp-allocator-size-cloud-worker=32768"
    "memorysetup-temp-allocator-size-gi-baking-worker=262144"
    "memorysetup-temp-allocator-size-gfx=262144"
Player connection [12088] Host "[IP] 192.168.0.176 [Port] 0 [Flags] 2 [Guid] 2415036638 [EditorId] 2415036638 [Version] 1048832 [Id] WindowsEditor(7,DESKTOP-HQKDT44) [Debug] 1 [PackageName] WindowsEditor [ProjectName] Editor" joined multi-casting on [225.0.0.222:54997]...

Player connection [12088] Host "[IP] 192.168.0.176 [Port] 0 [Flags] 2 [Guid] 2415036638 [EditorId] 2415036638 [Version] 1048832 [Id] WindowsEditor(7,DESKTOP-HQKDT44) [Debug] 1 [PackageName] WindowsEditor [ProjectName] Editor" joined alternative multi-casting on [225.0.0.222:34997]...

Refreshing native plugins compatible for Editor in 54.80 ms, found 3 plugins.
Preloading 0 native plugins for Editor in 0.00 ms.
Initialize engine version: 2021.3.20f1 (577897200b8b)
[Subsystems] Discovering subsystems at path C:/Program Files/Unity/Hub/Editor/2021.3.20f1/Editor/Data/Resources/UnitySubsystems
[Subsystems] Discovering subsystems at path C:/Users/SGA/Desktop/test/3DGame/Unity3DGame/Assets
GfxDevice: creating device client; threaded=0; jobified=0
Direct3D:
    Version:  Direct3D 11.0 [level 11.1]
    Renderer: NVIDIA GeForce GTX 1650 (ID=0x1f82)
    Vendor:   NVIDIA
    VRAM:     3949 MB
    Driver:   31.0.15.3179
Initialize mono
Mono path[0] = 'C:/Program Files/Unity/Hub/Editor/2021.3.20f1/Editor/Data/Managed'
Mono path[1] = 'C:/Program Files/Unity/Hub/Editor/2021.3.20f1/Editor/Data/MonoBleedingEdge/lib/mono/unityjit-win32'
Mono config path = 'C:/Program Files/Unity/Hub/Editor/2021.3.20f1/Editor/Data/MonoBleedingEdge/etc'
Using monoOptions --debugger-agent=transport=dt_socket,embedding=1,server=y,suspend=n,address=127.0.0.1:56848
Begin MonoManager ReloadAssembly
Registering precompiled unity dll's ...
Register platform support module: C:/Program Files/Unity/Hub/Editor/2021.3.20f1/Editor/Data/PlaybackEngines/AndroidPlayer/UnityEditor.Android.Extensions.dll
Register platform support module: C:/Program Files/Unity/Hub/Editor/2021.3.20f1/Editor/Data/PlaybackEngines/WindowsStandaloneSupport/UnityEditor.WindowsStandalone.Extensions.dll
Registered in 0.004521 seconds.
Native extension for WindowsStandalone target not found
Native extension for Android target not found
Android Extension - Scanning For ADB Devices 138 ms
Refreshing native plugins compatible for Editor in 50.40 ms, found 3 plugins.
Preloading 0 native plugins for Editor in 0.00 ms.
Mono: successfully reloaded assembly
- Completed reload, in  0.602 seconds
Domain Reload Profiling:
	ReloadAssembly (602ms)
		BeginReloadAssembly (70ms)
			ExecutionOrderSort (0ms)
			DisableScriptedObjects (0ms)
			BackupInstance (0ms)
			ReleaseScriptingObjects (0ms)
			CreateAndSetChildDomain (1ms)
		EndReloadAssembly (456ms)
			LoadAssemblies (68ms)
			RebuildTransferFunctionScriptingTraits (0ms)
			SetupTypeCache (74ms)
			ReleaseScriptCaches (0ms)
			RebuildScriptCaches (23ms)
			SetupLoadedEditorAssemblies (319ms)
				LogAssemblyErrors (0ms)
				InitializePlatformSupportModulesInManaged (183ms)
				SetLoadedEditorAssemblies (0ms)
				RefreshPlugins (50ms)
				BeforeProcessingInitializeOnLoad (1ms)
				ProcessInitializeOnLoadAttributes (57ms)
				ProcessInitializeOnLoadMethodAttributes (26ms)
				AfterProcessingInitializeOnLoad (0ms)
				EditorAssembliesLoaded (0ms)
			ExecutionOrderSort2 (0ms)
			AwakeInstancesAfterBackupRestoration (0ms)
Platform modules already initialized, skipping
Registering precompiled user dll's ...
Registered in 0.002744 seconds.
Begin MonoManager ReloadAssembly
Symbol file LoadedFromMemory doesn't match image C:\Users\SGA\Desktop\test\3DGame\Unity3DGame\Library\PackageCache\com.unity.visualscripting@1.8.0\Editor\VisualScripting.Core\Dependencies\YamlDotNet\Unity.VisualScripting.YamlDotNet.dll
Symbol file LoadedFromMemory doesn't match image C:\Users\SGA\Desktop\test\3DGame\Unity3DGame\Library\PackageCache\com.unity.visualscripting@1.8.0\Editor\VisualScripting.Core\Dependencies\DotNetZip\Unity.VisualScripting.IonicZip.dll
Native extension for WindowsStandalone target not found
Native extension for Android target not found
Refreshing native plugins compatible for Editor in 0.35 ms, found 3 plugins.
Preloading 0 native plugins for Editor in 0.00 ms.
Mono: successfully reloaded assembly
- Completed reload, in  0.641 seconds
Domain Reload Profiling:
	ReloadAssembly (642ms)
		BeginReloadAssembly (75ms)
			ExecutionOrderSort (0ms)
			DisableScriptedObjects (4ms)
			BackupInstance (0ms)
			ReleaseScriptingObjects (0ms)
			CreateAndSetChildDomain (14ms)
		EndReloadAssembly (499ms)
			LoadAssemblies (55ms)
			RebuildTransferFunctionScriptingTraits (0ms)
			SetupTypeCache (168ms)
			ReleaseScriptCaches (0ms)
			RebuildScriptCaches (38ms)
			SetupLoadedEditorAssemblies (211ms)
				LogAssemblyErrors (0ms)
				InitializePlatformSupportModulesInManaged (11ms)
				SetLoadedEditorAssemblies (0ms)
				RefreshPlugins (0ms)
				BeforeProcessingInitializeOnLoad (49ms)
				ProcessInitializeOnLoadAttributes (134ms)
				ProcessInitializeOnLoadMethodAttributes (13ms)
				AfterProcessingInitializeOnLoad (4ms)
				EditorAssembliesLoaded (0ms)
			ExecutionOrderSort2 (0ms)
			AwakeInstancesAfterBackupRestoration (3ms)
Platform modules already initialized, skipping
========================================================================
Worker process is ready to serve import requests
Launched and connected shader compiler UnityShaderCompiler.exe after 0.02 seconds
Refreshing native plugins compatible for Editor in 0.37 ms, found 3 plugins.
Preloading 0 native plugins for Editor in 0.00 ms.
Unloading 3047 Unused Serialized files (Serialized files now loaded: 0)
Unloading 24 unused Assets / (113.7 KB). Loaded Objects now: 3524.
Memory consumption went from 124.1 MB to 124.0 MB.
Total: 2.194200 ms (FindLiveObjects: 0.157900 ms CreateObjectMapping: 0.065400 ms MarkObjects: 1.886600 ms  DeleteObjects: 0.083700 ms)

AssetImportParameters requested are different than current active one (requested -> active):
  custom:video-decoder-ogg-theora: a1e56fd34408186e4bbccfd4996cb3dc -> 
  custom:container-muxer-webm: aa71ff27fc2769a1b78a27578f13a17b -> 
  custom:container-demuxer-webm: 4f35f7cbe854078d1ac9338744f61a02 -> 
  custom:video-encoder-webm-vp8: eb34c28f22e8b96e1ab97ce403110664 -> 
  custom:audio-encoder-webm-vorbis: bf7c407c2cedff20999df2af8eb42d56 -> 
  custom:framework-win-MediaFoundation: 216162199b28c13a410421893ffa2e32 -> 
  custom:container-demuxer-ogg: 62fdf1f143b41e24485cea50d1cbac27 -> 
  custom:video-decoder-webm-vp8: 9c59270c3fd7afecdb556c50c9e8de78 -> 
  custom:audio-decoder-ogg-vorbis: bf7c407c2cedff20999df2af8eb42d56 -> 
========================================================================
Received Import Request.
  Time since last request: 4417.638603 seconds.
  path: Assets/Prefabs/Character
  artifactKey: Guid(de26e87326c14f340a21ac95c125f381) Importer(815301076,1909f56bfc062723c751e8b465ee728b)
Start importing Assets/Prefabs/Character using Guid(de26e87326c14f340a21ac95c125f381) Importer(815301076,1909f56bfc062723c751e8b465ee728b)  -> (artifact id: '48090f1a5c93d46c401911a735540199') in 0.012150 seconds 
========================================================================
Received Import Request.
  Time since last request: 10.092718 seconds.
  path: Assets/Adventure_Character/Scenes
  artifactKey: Guid(2b808985bbd1b1c43b09ca5a830b8255) Importer(815301076,1909f56bfc062723c751e8b465ee728b)
Start importing Assets/Adventure_Character/Scenes using Guid(2b808985bbd1b1c43b09ca5a830b8255) Importer(815301076,1909f56bfc062723c751e8b465ee728b)  -> (artifact id: 'b0a811726a0bd04183768b36ad54b0d3') in 0.002051 seconds 
========================================================================
Received Import Request.
  Time since last request: 3.218028 seconds.
  path: Assets/Adventure_Character/Mesh
  artifactKey: Guid(c2e93fc3ba422d843b4175b7b0c1e1c2) Importer(815301076,1909f56bfc062723c751e8b465ee728b)
Start importing Assets/Adventure_Character/Mesh using Guid(c2e93fc3ba422d843b4175b7b0c1e1c2) Importer(815301076,1909f56bfc062723c751e8b465ee728b)  -> (artifact id: 'f183b08afbd4248e36e5c096d88cc1ee') in 0.008535 seconds 
========================================================================
Received Import Request.
  Time since last request: 0.057007 seconds.
  path: Assets/Adventure_Character/Mesh/Man_Mesh.FBX
  artifactKey: Guid(b8a7488d12adc39498433d60811eab1a) Importer(815301076,1909f56bfc062723c751e8b465ee728b)
Start importing Assets/Adventure_Character/Mesh/Man_Mesh.FBX using Guid(b8a7488d12adc39498433d60811eab1a) Importer(815301076,1909f56bfc062723c751e8b465ee728b)  -> (artifact id: 'b944060f3a64cd9973969a17e54c8426') in 0.372569 seconds 
========================================================================
Received Import Request.
  Time since last request: 1.262830 seconds.
  path: Assets/Adventure_Character/Materials
  artifactKey: Guid(62f5c2ad0fe942f4a81ed83028c4815a) Importer(815301076,1909f56bfc062723c751e8b465ee728b)
Start importing Assets/Adventure_Character/Materials using Guid(62f5c2ad0fe942f4a81ed83028c4815a) Importer(815301076,1909f56bfc062723c751e8b465ee728b)  -> (artifact id: 'fa1855d28e3925e7d09264d647772ecd') in 0.008300 seconds 
========================================================================
Received Import Request.
  Time since last request: 0.074308 seconds.
  path: Assets/Adventure_Character/Materials/Man_Body.mat
  artifactKey: Guid(215fc7c8e2d87c8438088b27a1600878) Importer(815301076,1909f56bfc062723c751e8b465ee728b)
Start importing Assets/Adventure_Character/Materials/Man_Body.mat using Guid(215fc7c8e2d87c8438088b27a1600878) Importer(815301076,1909f56bfc062723c751e8b465ee728b)  -> (artifact id: '1a92eac3f8e329c97b83d6420e2c2bd3') in 0.163146 seconds 
========================================================================
Received Import Request.
  Time since last request: 0.000022 seconds.
  path: Assets/Adventure_Character/Materials/Stand.mat
  artifactKey: Guid(6cc77a6303488d84aadaf60ef4023104) Importer(815301076,1909f56bfc062723c751e8b465ee728b)
Start importing Assets/Adventure_Character/Materials/Stand.mat using Guid(6cc77a6303488d84aadaf60ef4023104) Importer(815301076,1909f56bfc062723c751e8b465ee728b)  -> (artifact id: 'ddfaba2ae09cb75e2cb032cfd45f55de') in 0.014730 seconds 
========================================================================
Received Import Request.
  Time since last request: 0.000035 seconds.
  path: Assets/Adventure_Character/Materials/Man_Cloth_Down_03.mat
  artifactKey: Guid(a3c5be1a8d065a44ba4ad43c3c18b64e) Importer(815301076,1909f56bfc062723c751e8b465ee728b)
Start importing Assets/Adventure_Character/Materials/Man_Cloth_Down_03.mat using Guid(a3c5be1a8d065a44ba4ad43c3c18b64e) Importer(815301076,1909f56bfc062723c751e8b465ee728b)  -> (artifact id: '19dc1c7ba6ecd4be833c78b8f81922dd') in 0.056412 seconds 
========================================================================
Received Import Request.
  Time since last request: 7.490626 seconds.
  path: Assets/Prefabs/Character/Man_01.prefab
  artifactKey: Guid(ebc4580c7ed532b4cb07171aed640d52) Importer(815301076,1909f56bfc062723c751e8b465ee728b)
Start importing Assets/Prefabs/Character/Man_01.prefab using Guid(ebc4580c7ed532b4cb07171aed640d52) Importer(815301076,1909f56bfc062723c751e8b465ee728b)  -> (artifact id: 'dba3058ec22d3e925c37ddab43f8d213') in 0.209325 seconds 
========================================================================
Received Import Request.
  Time since last request: 0.000030 seconds.
  path: Assets/Prefabs/Character/Man_Full.prefab
  artifactKey: Guid(5358fd1db56fd5f4ebd3a9185f223155) Importer(815301076,1909f56bfc062723c751e8b465ee728b)
Start importing Assets/Prefabs/Character/Man_Full.prefab using Guid(5358fd1db56fd5f4ebd3a9185f223155) Importer(815301076,1909f56bfc062723c751e8b465ee728b)  -> (artifact id: '5ceba5b5a64dbf39eebba62ea3ade7b1') in 0.135705 seconds 
========================================================================
Received Import Request.
  Time since last request: 36.548513 seconds.
  path: Assets/Scenes/Game.unity
  artifactKey: Guid(9fc0d4010bbf28b4594072e72b8655ab) Importer(815301076,1909f56bfc062723c751e8b465ee728b)
Start importing Assets/Scenes/Game.unity using Guid(9fc0d4010bbf28b4594072e72b8655ab) Importer(815301076,1909f56bfc062723c751e8b465ee728b)  -> (artifact id: '243d51fcbd36c40158c585023b73de12') in 0.008898 seconds 
========================================================================
Received Import Request.
  Time since last request: 61.861478 seconds.
  path: Assets/Prefabs/Pillars/Pillar_A.prefab
  artifactKey: Guid(b93fbb2e189612641be84b2521736734) Importer(815301076,1909f56bfc062723c751e8b465ee728b)
Start importing Assets/Prefabs/Pillars/Pillar_A.prefab using Guid(b93fbb2e189612641be84b2521736734) Importer(815301076,1909f56bfc062723c751e8b465ee728b)  -> (artifact id: '08af016a94ddea0daf6b11d843c1cfdd') in 0.026507 seconds 
========================================================================
Received Import Request.
  Time since last request: 0.000021 seconds.
  path: Assets/Prefabs/Pillars/Pillar_F.prefab
  artifactKey: Guid(8811c9285b2bf334fb3e80d71c9e001b) Importer(815301076,1909f56bfc062723c751e8b465ee728b)
Start importing Assets/Prefabs/Pillars/Pillar_F.prefab using Guid(8811c9285b2bf334fb3e80d71c9e001b) Importer(815301076,1909f56bfc062723c751e8b465ee728b)  -> (artifact id: 'dff5bdf362e9ca1eb9b334297350ee42') in 0.017795 seconds 
========================================================================
Received Import Request.
  Time since last request: 0.000018 seconds.
  path: Assets/Prefabs/Pillars/Pillar_C.prefab
  artifactKey: Guid(5159352fcf0d4a04dad031cb9cd61793) Importer(815301076,1909f56bfc062723c751e8b465ee728b)
Start importing Assets/Prefabs/Pillars/Pillar_C.prefab using Guid(5159352fcf0d4a04dad031cb9cd61793) Importer(815301076,1909f56bfc062723c751e8b465ee728b)  -> (artifact id: '70aa74a4729e3080b3dd99ec9546671a') in 0.011194 seconds 
========================================================================
Received Import Request.
  Time since last request: 251.083887 seconds.
  path: Assets/Scenes/Game.unity
  artifactKey: Guid(9fc0d4010bbf28b4594072e72b8655ab) Importer(815301076,1909f56bfc062723c751e8b465ee728b)
Start importing Assets/Scenes/Game.unity using Guid(9fc0d4010bbf28b4594072e72b8655ab) Importer(815301076,1909f56bfc062723c751e8b465ee728b)  -> (artifact id: 'bb8773131dd435a7f896d4a80856b8e6') in 0.002168 seconds 
========================================================================
Received Import Request.
  Time since last request: 73.642133 seconds.
  path: Assets/Scenes/Game.unity
  artifactKey: Guid(9fc0d4010bbf28b4594072e72b8655ab) Importer(815301076,1909f56bfc062723c751e8b465ee728b)
Start importing Assets/Scenes/Game.unity using Guid(9fc0d4010bbf28b4594072e72b8655ab) Importer(815301076,1909f56bfc062723c751e8b465ee728b)  -> (artifact id: 'e95eabc953a8f6be6f5c57daa9cabd8a') in 0.002017 seconds 
========================================================================
Received Import Request.
  Time since last request: 513.682506 seconds.
  path: Assets/Prefabs/Walls/Ceiling.prefab
  artifactKey: Guid(9947a6e7e8c8208469c1c86e15f5c089) Importer(815301076,1909f56bfc062723c751e8b465ee728b)
Start importing Assets/Prefabs/Walls/Ceiling.prefab using Guid(9947a6e7e8c8208469c1c86e15f5c089) Importer(815301076,1909f56bfc062723c751e8b465ee728b)  -> (artifact id: '01c6a63c78aad1e95a39fea3a86c07be') in 0.039970 seconds 
========================================================================
Received Import Request.
  Time since last request: 0.000019 seconds.
  path: Assets/Prefabs/Walls/Wall_B_Roundabout.prefab
  artifactKey: Guid(ada1b397440f00841ad3806f33308774) Importer(815301076,1909f56bfc062723c751e8b465ee728b)
Start importing Assets/Prefabs/Walls/Wall_B_Roundabout.prefab using Guid(ada1b397440f00841ad3806f33308774) Importer(815301076,1909f56bfc062723c751e8b465ee728b)  -> (artifact id: 'a0eeba0756a15f1dd2243b9d24e17b1c') in 0.016573 seconds 
========================================================================
Received Import Request.
  Time since last request: 0.000015 seconds.
  path: Assets/Prefabs/Walls/Wall_B.prefab
  artifactKey: Guid(ce73a35450ff20d4ab05c1f0c3cec2dc) Importer(815301076,1909f56bfc062723c751e8b465ee728b)
Start importing Assets/Prefabs/Walls/Wall_B.prefab using Guid(ce73a35450ff20d4ab05c1f0c3cec2dc) Importer(815301076,1909f56bfc062723c751e8b465ee728b)  -> (artifact id: '3179baaa806a38927dfbc9373611f327') in 0.018522 seconds 
========================================================================
Received Import Request.
  Time since last request: 0.000017 seconds.
  path: Assets/Prefabs/Walls/Wall_C.prefab
  artifactKey: Guid(a06d34869919f8646b564dcd7350f9aa) Importer(815301076,1909f56bfc062723c751e8b465ee728b)
Start importing Assets/Prefabs/Walls/Wall_C.prefab using Guid(a06d34869919f8646b564dcd7350f9aa) Importer(815301076,1909f56bfc062723c751e8b465ee728b)  -> (artifact id: '9df12342b9bfbe22177dc5271c4988c4') in 0.019315 seconds 
========================================================================
Received Import Request.
  Time since last request: 0.000020 seconds.
  path: Assets/Prefabs/Walls/Wall_E.prefab
  artifactKey: Guid(b3680b2b693885140a0abe782d406308) Importer(815301076,1909f56bfc062723c751e8b465ee728b)
Start importing Assets/Prefabs/Walls/Wall_E.prefab using Guid(b3680b2b693885140a0abe782d406308) Importer(815301076,1909f56bfc062723c751e8b465ee728b)  -> (artifact id: 'e8a5dbdce9c3cace5dd58b835d5a89d2') in 0.019669 seconds 
========================================================================
Received Import Request.
  Time since last request: 0.000016 seconds.
  path: Assets/Prefabs/Walls/Wall_A_Roundabout.prefab
  artifactKey: Guid(57823a6a1276b094c8239dc3e66b32dd) Importer(815301076,1909f56bfc062723c751e8b465ee728b)
Start importing Assets/Prefabs/Walls/Wall_A_Roundabout.prefab using Guid(57823a6a1276b094c8239dc3e66b32dd) Importer(815301076,1909f56bfc062723c751e8b465ee728b)  -> (artifact id: '1cb8be3e460f76ebfe57e14c26e9513d') in 0.014160 seconds 
========================================================================
Received Import Request.
  Time since last request: 0.000022 seconds.
  path: Assets/Prefabs/Walls/Roundabout_Continuation.prefab
  artifactKey: Guid(77764f3a8cc8f57439dedb2107f1a89b) Importer(815301076,1909f56bfc062723c751e8b465ee728b)
Start importing Assets/Prefabs/Walls/Roundabout_Continuation.prefab using Guid(77764f3a8cc8f57439dedb2107f1a89b) Importer(815301076,1909f56bfc062723c751e8b465ee728b)  -> (artifact id: '70ef07c23d670fe8c633a3f0fdd9c193') in 0.018569 seconds 
========================================================================
Received Import Request.
  Time since last request: 0.000033 seconds.
  path: Assets/Prefabs/Walls/Wall_D.prefab
  artifactKey: Guid(62f525a5c612fb04d9041a1e55c345c4) Importer(815301076,1909f56bfc062723c751e8b465ee728b)
Start importing Assets/Prefabs/Walls/Wall_D.prefab using Guid(62f525a5c612fb04d9041a1e55c345c4) Importer(815301076,1909f56bfc062723c751e8b465ee728b)  -> (artifact id: 'db6458c459fa7cc794536061af0ecd4f') in 0.018908 seconds 
========================================================================
Received Import Request.
  Time since last request: 0.000017 seconds.
  path: Assets/Prefabs/Walls/Wall_A_Corner.prefab
  artifactKey: Guid(24579a71f306fa349abdad24a69e4d08) Importer(815301076,1909f56bfc062723c751e8b465ee728b)
Start importing Assets/Prefabs/Walls/Wall_A_Corner.prefab using Guid(24579a71f306fa349abdad24a69e4d08) Importer(815301076,1909f56bfc062723c751e8b465ee728b)  -> (artifact id: '47a563cb5a9bb4736a5817da0aab67bc') in 0.014706 seconds 
========================================================================
Received Import Request.
  Time since last request: 58.832364 seconds.
  path: Assets/Prefabs/Arches/Arch_A.prefab
  artifactKey: Guid(de3b8c31d809a0442bdf5e22edaf92be) Importer(815301076,1909f56bfc062723c751e8b465ee728b)
Start importing Assets/Prefabs/Arches/Arch_A.prefab using Guid(de3b8c31d809a0442bdf5e22edaf92be) Importer(815301076,1909f56bfc062723c751e8b465ee728b)  -> (artifact id: '8541bbb2623e3f87de652e7340612188') in 0.019616 seconds 
========================================================================
Received Import Request.
  Time since last request: 54.649349 seconds.
  path: Assets/Scenes/Game.unity
  artifactKey: Guid(9fc0d4010bbf28b4594072e72b8655ab) Importer(815301076,1909f56bfc062723c751e8b465ee728b)
Start importing Assets/Scenes/Game.unity using Guid(9fc0d4010bbf28b4594072e72b8655ab) Importer(815301076,1909f56bfc062723c751e8b465ee728b)  -> (artifact id: '1180ae29ac8a2c5afabfe5c871d83200') in 0.009808 seconds 
========================================================================
Received Import Request.
  Time since last request: 5.427496 seconds.
  path: Assets/Scenes/Game Play.unity
  artifactKey: Guid(9fc0d4010bbf28b4594072e72b8655ab) Importer(815301076,1909f56bfc062723c751e8b465ee728b)
Start importing Assets/Scenes/Game Play.unity using Guid(9fc0d4010bbf28b4594072e72b8655ab) Importer(815301076,1909f56bfc062723c751e8b465ee728b)  -> (artifact id: '653dcfe9768feb564e55eac700dd9b50') in 0.008269 seconds 
========================================================================
Received Import Request.
  Time since last request: 730.427454 seconds.
  path: Assets/Scenes/Game Play.unity
  artifactKey: Guid(9fc0d4010bbf28b4594072e72b8655ab) Importer(815301076,1909f56bfc062723c751e8b465ee728b)
Start importing Assets/Scenes/Game Play.unity using Guid(9fc0d4010bbf28b4594072e72b8655ab) Importer(815301076,1909f56bfc062723c751e8b465ee728b)  -> (artifact id: 'dc6559ef0d83babd6a7e15f2470c9e20') in 0.002499 seconds 
========================================================================
Received Import Request.
  Time since last request: 1.292313 seconds.
  path: Assets/Scenes/Game Play.unity
  artifactKey: Guid(9fc0d4010bbf28b4594072e72b8655ab) Importer(815301076,1909f56bfc062723c751e8b465ee728b)
Start importing Assets/Scenes/Game Play.unity using Guid(9fc0d4010bbf28b4594072e72b8655ab) Importer(815301076,1909f56bfc062723c751e8b465ee728b)  -> (artifact id: 'bfc85da457c54da89639895247bddae5') in 0.001291 seconds 
========================================================================
Received Import Request.
  Time since last request: 701.265161 seconds.
  path: Assets/Prefabs/Doors/Doorway_A.prefab
  artifactKey: Guid(e30901966fea9c249be2e452ee908565) Importer(815301076,1909f56bfc062723c751e8b465ee728b)
Start importing Assets/Prefabs/Doors/Doorway_A.prefab using Guid(e30901966fea9c249be2e452ee908565) Importer(815301076,1909f56bfc062723c751e8b465ee728b)  -> (artifact id: '77ad608b6c10dc629dc7a0a08af6a830') in 0.025316 seconds 
========================================================================
Received Import Request.
  Time since last request: 146.193291 seconds.
  path: Assets/Scenes/Game Play.unity
  artifactKey: Guid(9fc0d4010bbf28b4594072e72b8655ab) Importer(815301076,1909f56bfc062723c751e8b465ee728b)
Start importing Assets/Scenes/Game Play.unity using Guid(9fc0d4010bbf28b4594072e72b8655ab) Importer(815301076,1909f56bfc062723c751e8b465ee728b)  -> (artifact id: '18045a3c389541705582736e2c8b19a8') in 0.002035 seconds 
========================================================================
Received Import Request.
  Time since last request: 260.964330 seconds.
  path: Assets/Prefabs/Doors/Door_B 1.prefab
  artifactKey: Guid(d94ae789343c0084cad71a2982a8be51) Importer(815301076,1909f56bfc062723c751e8b465ee728b)
Start importing Assets/Prefabs/Doors/Door_B 1.prefab using Guid(d94ae789343c0084cad71a2982a8be51) Importer(815301076,1909f56bfc062723c751e8b465ee728b)  -> (artifact id: '0f6b05809caa8db393f73903779e816e') in 0.023340 seconds 
========================================================================
Received Import Request.
  Time since last request: 19.538939 seconds.
  path: Assets/Prefabs/Doors/Door_B 1.prefab
  artifactKey: Guid(d94ae789343c0084cad71a2982a8be51) Importer(815301076,1909f56bfc062723c751e8b465ee728b)
Start importing Assets/Prefabs/Doors/Door_B 1.prefab using Guid(d94ae789343c0084cad71a2982a8be51) Importer(815301076,1909f56bfc062723c751e8b465ee728b)  -> (artifact id: 'a66345d9168ae8f233d6c170681ec17b') in 0.018048 seconds 
========================================================================
Received Prepare
Registering precompiled user dll's ...
Registered in 0.003701 seconds.
Begin MonoManager ReloadAssembly
Symbol file LoadedFromMemory doesn't match image C:\Users\SGA\Desktop\test\3DGame\Unity3DGame\Library\PackageCache\com.unity.visualscripting@1.8.0\Editor\VisualScripting.Core\Dependencies\YamlDotNet\Unity.VisualScripting.YamlDotNet.dll
Symbol file LoadedFromMemory doesn't match image C:\Users\SGA\Desktop\test\3DGame\Unity3DGame\Library\PackageCache\com.unity.visualscripting@1.8.0\Editor\VisualScripting.Core\Dependencies\DotNetZip\Unity.VisualScripting.IonicZip.dll
Native extension for WindowsStandalone target not found
Native extension for Android target not found
Refreshing native plugins compatible for Editor in 0.38 ms, found 3 plugins.
Preloading 0 native plugins for Editor in 0.00 ms.
Mono: successfully reloaded assembly
- Completed reload, in  0.663 seconds
Domain Reload Profiling:
	ReloadAssembly (663ms)
		BeginReloadAssembly (111ms)
			ExecutionOrderSort (0ms)
			DisableScriptedObjects (3ms)
			BackupInstance (0ms)
			ReleaseScriptingObjects (0ms)
			CreateAndSetChildDomain (32ms)
		EndReloadAssembly (485ms)
			LoadAssemblies (62ms)
			RebuildTransferFunctionScriptingTraits (0ms)
			SetupTypeCache (171ms)
			ReleaseScriptCaches (1ms)
			RebuildScriptCaches (25ms)
			SetupLoadedEditorAssemblies (196ms)
				LogAssemblyErrors (0ms)
				InitializePlatformSupportModulesInManaged (13ms)
				SetLoadedEditorAssemblies (0ms)
				RefreshPlugins (0ms)
				BeforeProcessingInitializeOnLoad (40ms)
				ProcessInitializeOnLoadAttributes (125ms)
				ProcessInitializeOnLoadMethodAttributes (12ms)
				AfterProcessingInitializeOnLoad (4ms)
				EditorAssembliesLoaded (0ms)
			ExecutionOrderSort2 (0ms)
			AwakeInstancesAfterBackupRestoration (4ms)
Platform modules already initialized, skipping
Refreshing native plugins compatible for Editor in 1.29 ms, found 3 plugins.
Preloading 0 native plugins for Editor in 0.00 ms.
Unloading 3046 Unused Serialized files (Serialized files now loaded: 0)
Unloading 17 unused Assets / (80.0 KB). Loaded Objects now: 3576.
Memory consumption went from 141.4 MB to 141.3 MB.
Total: 2.177600 ms (FindLiveObjects: 0.162100 ms CreateObjectMapping: 0.076700 ms MarkObjects: 1.862800 ms  DeleteObjects: 0.074900 ms)

AssetImportParameters requested are different than current active one (requested -> active):
  custom:video-decoder-ogg-theora: a1e56fd34408186e4bbccfd4996cb3dc -> 
  custom:container-muxer-webm: aa71ff27fc2769a1b78a27578f13a17b -> 
  custom:container-demuxer-webm: 4f35f7cbe854078d1ac9338744f61a02 -> 
  custom:video-encoder-webm-vp8: eb34c28f22e8b96e1ab97ce403110664 -> 
  custom:audio-encoder-webm-vorbis: bf7c407c2cedff20999df2af8eb42d56 -> 
  custom:framework-win-MediaFoundation: 216162199b28c13a410421893ffa2e32 -> 
  custom:container-demuxer-ogg: 62fdf1f143b41e24485cea50d1cbac27 -> 
  custom:video-decoder-webm-vp8: 9c59270c3fd7afecdb556c50c9e8de78 -> 
  custom:audio-decoder-ogg-vorbis: bf7c407c2cedff20999df2af8eb42d56 -> 
========================================================================
Received Import Request.
  Time since last request: 313.797870 seconds.
  path: Assets/CombinationPadLock
  artifactKey: Guid(21289bdfd6673c847aa47e67882e049d) Importer(815301076,1909f56bfc062723c751e8b465ee728b)
Start importing Assets/CombinationPadLock using Guid(21289bdfd6673c847aa47e67882e049d) Importer(815301076,1909f56bfc062723c751e8b465ee728b)  -> (artifact id: '18dcd23b579f4d626aaddb3e81fec34c') in 0.012041 seconds 
========================================================================
Received Import Request.
  Time since last request: 1.348961 seconds.
  path: Assets/CombinationPadLock/Prefab
  artifactKey: Guid(936884740ddbb864e926fc070232e24f) Importer(815301076,1909f56bfc062723c751e8b465ee728b)
Start importing Assets/CombinationPadLock/Prefab using Guid(936884740ddbb864e926fc070232e24f) Importer(815301076,1909f56bfc062723c751e8b465ee728b)  -> (artifact id: 'c5c02d683c9d7d6e8145a0910e32e47c') in 0.008803 seconds 
========================================================================
Received Import Request.
  Time since last request: 0.067030 seconds.
  path: Assets/CombinationPadLock/Prefab/Combination PadLock.prefab
  artifactKey: Guid(852a11fecc1877149be52139ea40a3be) Importer(815301076,1909f56bfc062723c751e8b465ee728b)
Start importing Assets/CombinationPadLock/Prefab/Combination PadLock.prefab using Guid(852a11fecc1877149be52139ea40a3be) Importer(815301076,1909f56bfc062723c751e8b465ee728b)  -> (artifact id: 'a4e62a3813944d3c3e3e9931d356ca4f') in 0.063175 seconds 
========================================================================
Received Import Request.
  Time since last request: 7.716837 seconds.
  path: Assets/CombinationPadLock/Model
  artifactKey: Guid(7bb18c52c2a28e94ba2eab909731810c) Importer(815301076,1909f56bfc062723c751e8b465ee728b)
Start importing Assets/CombinationPadLock/Model using Guid(7bb18c52c2a28e94ba2eab909731810c) Importer(815301076,1909f56bfc062723c751e8b465ee728b)  -> (artifact id: 'ee0e2cc3780db71236c6006a50a65e48') in 0.008712 seconds 
========================================================================
Received Import Request.
  Time since last request: 2.321843 seconds.
  path: Assets/CombinationPadLock/Model/Combination PadLock.fbx
  artifactKey: Guid(b6bef8e616618874aaa092edfd01f370) Importer(815301076,1909f56bfc062723c751e8b465ee728b)
Start importing Assets/CombinationPadLock/Model/Combination PadLock.fbx using Guid(b6bef8e616618874aaa092edfd01f370) Importer(815301076,1909f56bfc062723c751e8b465ee728b)  -> (artifact id: '83280f3fd259bd02843a937187920121') in 0.066339 seconds 
========================================================================
Received Import Request.
  Time since last request: 2.172799 seconds.
  path: Assets/CombinationPadLock/Script
  artifactKey: Guid(810c074395bbc1e45987db6e7235ecfe) Importer(815301076,1909f56bfc062723c751e8b465ee728b)
Start importing Assets/CombinationPadLock/Script using Guid(810c074395bbc1e45987db6e7235ecfe) Importer(815301076,1909f56bfc062723c751e8b465ee728b)  -> (artifact id: '137c4469885abde2f872e7996d97eb3b') in 0.010138 seconds 
========================================================================
Received Import Request.
  Time since last request: 1.268014 seconds.
  path: Assets/CombinationPadLock/Script/MoveRuller.cs
  artifactKey: Guid(d235bc7d459c569488d2f1c9be27b6e4) Importer(815301076,1909f56bfc062723c751e8b465ee728b)
Start importing Assets/CombinationPadLock/Script/MoveRuller.cs using Guid(d235bc7d459c569488d2f1c9be27b6e4) Importer(815301076,1909f56bfc062723c751e8b465ee728b)  -> (artifact id: '2231870b160a17af1b8f9e5415a39524') in 0.016320 seconds 
========================================================================
Received Import Request.
  Time since last request: 13.016747 seconds.
  path: Assets
  artifactKey: Guid(00000000000000001000000000000000) Importer(815301076,1909f56bfc062723c751e8b465ee728b)
Start importing Assets using Guid(00000000000000001000000000000000) Importer(815301076,1909f56bfc062723c751e8b465ee728b)  -> (artifact id: '79842766b460edbeab6a34051e857a80') in 0.009921 seconds 
========================================================================
Received Prepare
Registering precompiled user dll's ...
Registered in 0.002699 seconds.
Begin MonoManager ReloadAssembly
Symbol file LoadedFromMemory doesn't match image C:\Users\SGA\Desktop\test\3DGame\Unity3DGame\Library\PackageCache\com.unity.visualscripting@1.8.0\Editor\VisualScripting.Core\Dependencies\YamlDotNet\Unity.VisualScripting.YamlDotNet.dll
Symbol file LoadedFromMemory doesn't match image C:\Users\SGA\Desktop\test\3DGame\Unity3DGame\Library\PackageCache\com.unity.visualscripting@1.8.0\Editor\VisualScripting.Core\Dependencies\DotNetZip\Unity.VisualScripting.IonicZip.dll
Native extension for WindowsStandalone target not found
Native extension for Android target not found
Refreshing native plugins compatible for Editor in 0.40 ms, found 3 plugins.
Preloading 0 native plugins for Editor in 0.00 ms.
Mono: successfully reloaded assembly
- Completed reload, in  0.690 seconds
Domain Reload Profiling:
	ReloadAssembly (690ms)
		BeginReloadAssembly (112ms)
			ExecutionOrderSort (0ms)
			DisableScriptedObjects (5ms)
			BackupInstance (0ms)
			ReleaseScriptingObjects (0ms)
			CreateAndSetChildDomain (28ms)
		EndReloadAssembly (511ms)
			LoadAssemblies (63ms)
			RebuildTransferFunctionScriptingTraits (0ms)
			SetupTypeCache (180ms)
			ReleaseScriptCaches (1ms)
			RebuildScriptCaches (25ms)
			SetupLoadedEditorAssemblies (222ms)
				LogAssemblyErrors (0ms)
				InitializePlatformSupportModulesInManaged (12ms)
				SetLoadedEditorAssemblies (0ms)
				RefreshPlugins (0ms)
				BeforeProcessingInitializeOnLoad (44ms)
				ProcessInitializeOnLoadAttributes (145ms)
				ProcessInitializeOnLoadMethodAttributes (15ms)
				AfterProcessingInitializeOnLoad (4ms)
				EditorAssembliesLoaded (0ms)
			ExecutionOrderSort2 (0ms)
			AwakeInstancesAfterBackupRestoration (4ms)
Platform modules already initialized, skipping
Refreshing native plugins compatible for Editor in 1.00 ms, found 3 plugins.
Preloading 0 native plugins for Editor in 0.00 ms.
Unloading 3046 Unused Serialized files (Serialized files now loaded: 0)
Unloading 17 unused Assets / (80.0 KB). Loaded Objects now: 3579.
Memory consumption went from 141.4 MB to 141.4 MB.
Total: 1.890900 ms (FindLiveObjects: 0.147700 ms CreateObjectMapping: 0.061100 ms MarkObjects: 1.623100 ms  DeleteObjects: 0.058600 ms)

AssetImportParameters requested are different than current active one (requested -> active):
  custom:video-decoder-ogg-theora: a1e56fd34408186e4bbccfd4996cb3dc -> 
  custom:container-muxer-webm: aa71ff27fc2769a1b78a27578f13a17b -> 
  custom:container-demuxer-webm: 4f35f7cbe854078d1ac9338744f61a02 -> 
  custom:video-encoder-webm-vp8: eb34c28f22e8b96e1ab97ce403110664 -> 
  custom:audio-encoder-webm-vorbis: bf7c407c2cedff20999df2af8eb42d56 -> 
  custom:framework-win-MediaFoundation: 216162199b28c13a410421893ffa2e32 -> 
  custom:container-demuxer-ogg: 62fdf1f143b41e24485cea50d1cbac27 -> 
  custom:video-decoder-webm-vp8: 9c59270c3fd7afecdb556c50c9e8de78 -> 
  custom:audio-decoder-ogg-vorbis: bf7c407c2cedff20999df2af8eb42d56 -> 
========================================================================
Received Import Request.
  Time since last request: 8.050709 seconds.
  path: Assets/Scripts
  artifactKey: Guid(094f6edd246ed8242b24740dbcbaaf0e) Importer(815301076,1909f56bfc062723c751e8b465ee728b)
Start importing Assets/Scripts using Guid(094f6edd246ed8242b24740dbcbaaf0e) Importer(815301076,1909f56bfc062723c751e8b465ee728b)  -> (artifact id: '9855cb21a7826662d3bba0fc66e0b75c') in 0.011241 seconds 
========================================================================
Received Import Request.
  Time since last request: 7.693244 seconds.
  path: Assets/99. Resource/CombinationPadLock/Script/PadLockPassword.cs
  artifactKey: Guid(d51773b774ee90446895b7f3fa199329) Importer(815301076,1909f56bfc062723c751e8b465ee728b)
Start importing Assets/99. Resource/CombinationPadLock/Script/PadLockPassword.cs using Guid(d51773b774ee90446895b7f3fa199329) Importer(815301076,1909f56bfc062723c751e8b465ee728b)  -> (artifact id: 'c6734dd49cedbf35d676dc71d4a700fb') in 0.010045 seconds 
========================================================================
Received Prepare
Registering precompiled user dll's ...
Registered in 0.002727 seconds.
Begin MonoManager ReloadAssembly
Symbol file LoadedFromMemory doesn't match image C:\Users\SGA\Desktop\test\3DGame\Unity3DGame\Library\PackageCache\com.unity.visualscripting@1.8.0\Editor\VisualScripting.Core\Dependencies\YamlDotNet\Unity.VisualScripting.YamlDotNet.dll
Symbol file LoadedFromMemory doesn't match image C:\Users\SGA\Desktop\test\3DGame\Unity3DGame\Library\PackageCache\com.unity.visualscripting@1.8.0\Editor\VisualScripting.Core\Dependencies\DotNetZip\Unity.VisualScripting.IonicZip.dll
Native extension for WindowsStandalone target not found
Native extension for Android target not found
Refreshing native plugins compatible for Editor in 0.39 ms, found 3 plugins.
Preloading 0 native plugins for Editor in 0.00 ms.
Mono: successfully reloaded assembly
- Completed reload, in  0.684 seconds
Domain Reload Profiling:
	ReloadAssembly (684ms)
		BeginReloadAssembly (103ms)
			ExecutionOrderSort (0ms)
			DisableScriptedObjects (3ms)
			BackupInstance (0ms)
			ReleaseScriptingObjects (0ms)
			CreateAndSetChildDomain (24ms)
		EndReloadAssembly (505ms)
			LoadAssemblies (63ms)
			RebuildTransferFunctionScriptingTraits (0ms)
			SetupTypeCache (191ms)
			ReleaseScriptCaches (1ms)
			RebuildScriptCaches (25ms)
			SetupLoadedEditorAssemblies (203ms)
				LogAssemblyErrors (0ms)
				InitializePlatformSupportModulesInManaged (13ms)
				SetLoadedEditorAssemblies (0ms)
				RefreshPlugins (0ms)
				BeforeProcessingInitializeOnLoad (43ms)
				ProcessInitializeOnLoadAttributes (129ms)
				ProcessInitializeOnLoadMethodAttributes (12ms)
				AfterProcessingInitializeOnLoad (5ms)
				EditorAssembliesLoaded (0ms)
			ExecutionOrderSort2 (0ms)
			AwakeInstancesAfterBackupRestoration (4ms)
Platform modules already initialized, skipping
Refreshing native plugins compatible for Editor in 1.06 ms, found 3 plugins.
Preloading 0 native plugins for Editor in 0.00 ms.
Unloading 3046 Unused Serialized files (Serialized files now loaded: 0)
Unloading 17 unused Assets / (80.1 KB). Loaded Objects now: 3582.
Memory consumption went from 141.5 MB to 141.4 MB.
Total: 1.998700 ms (FindLiveObjects: 0.156600 ms CreateObjectMapping: 0.066600 ms MarkObjects: 1.705100 ms  DeleteObjects: 0.069400 ms)

AssetImportParameters requested are different than current active one (requested -> active):
  custom:video-decoder-ogg-theora: a1e56fd34408186e4bbccfd4996cb3dc -> 
  custom:container-muxer-webm: aa71ff27fc2769a1b78a27578f13a17b -> 
  custom:container-demuxer-webm: 4f35f7cbe854078d1ac9338744f61a02 -> 
  custom:video-encoder-webm-vp8: eb34c28f22e8b96e1ab97ce403110664 -> 
  custom:audio-encoder-webm-vorbis: bf7c407c2cedff20999df2af8eb42d56 -> 
  custom:framework-win-MediaFoundation: 216162199b28c13a410421893ffa2e32 -> 
  custom:container-demuxer-ogg: 62fdf1f143b41e24485cea50d1cbac27 -> 
  custom:video-decoder-webm-vp8: 9c59270c3fd7afecdb556c50c9e8de78 -> 
  custom:audio-decoder-ogg-vorbis: bf7c407c2cedff20999df2af8eb42d56 -> 
========================================================================
Received Import Request.
  Time since last request: 9.695950 seconds.
  path: Assets/Scripts/Lock
  artifactKey: Guid(d92b1226934324243849c31bf87dcea3) Importer(815301076,1909f56bfc062723c751e8b465ee728b)
Start importing Assets/Scripts/Lock using Guid(d92b1226934324243849c31bf87dcea3) Importer(815301076,1909f56bfc062723c751e8b465ee728b)  -> (artifact id: '9bf7af08bac70e99bfc871e6bc8bb3bb') in 0.011340 seconds 
========================================================================
Received Prepare
Registering precompiled user dll's ...
Registered in 0.003288 seconds.
Begin MonoManager ReloadAssembly
Symbol file LoadedFromMemory doesn't match image C:\Users\SGA\Desktop\test\3DGame\Unity3DGame\Library\PackageCache\com.unity.visualscripting@1.8.0\Editor\VisualScripting.Core\Dependencies\YamlDotNet\Unity.VisualScripting.YamlDotNet.dll
Symbol file LoadedFromMemory doesn't match image C:\Users\SGA\Desktop\test\3DGame\Unity3DGame\Library\PackageCache\com.unity.visualscripting@1.8.0\Editor\VisualScripting.Core\Dependencies\DotNetZip\Unity.VisualScripting.IonicZip.dll
Native extension for WindowsStandalone target not found
Native extension for Android target not found
Refreshing native plugins compatible for Editor in 0.42 ms, found 3 plugins.
Preloading 0 native plugins for Editor in 0.00 ms.
Mono: successfully reloaded assembly
- Completed reload, in  0.712 seconds
Domain Reload Profiling:
	ReloadAssembly (712ms)
		BeginReloadAssembly (99ms)
			ExecutionOrderSort (0ms)
			DisableScriptedObjects (4ms)
			BackupInstance (0ms)
			ReleaseScriptingObjects (0ms)
			CreateAndSetChildDomain (24ms)
		EndReloadAssembly (550ms)
			LoadAssemblies (59ms)
			RebuildTransferFunctionScriptingTraits (0ms)
			SetupTypeCache (179ms)
			ReleaseScriptCaches (1ms)
			RebuildScriptCaches (33ms)
			SetupLoadedEditorAssemblies (241ms)
				LogAssemblyErrors (0ms)
				InitializePlatformSupportModulesInManaged (15ms)
				SetLoadedEditorAssemblies (0ms)
				RefreshPlugins (0ms)
				BeforeProcessingInitializeOnLoad (49ms)
				ProcessInitializeOnLoadAttributes (155ms)
				ProcessInitializeOnLoadMethodAttributes (16ms)
				AfterProcessingInitializeOnLoad (5ms)
				EditorAssembliesLoaded (0ms)
			ExecutionOrderSort2 (0ms)
			AwakeInstancesAfterBackupRestoration (5ms)
Platform modules already initialized, skipping
Refreshing native plugins compatible for Editor in 1.01 ms, found 3 plugins.
Preloading 0 native plugins for Editor in 0.00 ms.
Unloading 3046 Unused Serialized files (Serialized files now loaded: 0)
Unloading 17 unused Assets / (80.0 KB). Loaded Objects now: 3585.
Memory consumption went from 141.5 MB to 141.4 MB.
Total: 1.964400 ms (FindLiveObjects: 0.151400 ms CreateObjectMapping: 0.065900 ms MarkObjects: 1.675700 ms  DeleteObjects: 0.070500 ms)

AssetImportParameters requested are different than current active one (requested -> active):
  custom:video-decoder-ogg-theora: a1e56fd34408186e4bbccfd4996cb3dc -> 
  custom:container-muxer-webm: aa71ff27fc2769a1b78a27578f13a17b -> 
  custom:container-demuxer-webm: 4f35f7cbe854078d1ac9338744f61a02 -> 
  custom:video-encoder-webm-vp8: eb34c28f22e8b96e1ab97ce403110664 -> 
  custom:audio-encoder-webm-vorbis: bf7c407c2cedff20999df2af8eb42d56 -> 
  custom:framework-win-MediaFoundation: 216162199b28c13a410421893ffa2e32 -> 
  custom:container-demuxer-ogg: 62fdf1f143b41e24485cea50d1cbac27 -> 
  custom:video-decoder-webm-vp8: 9c59270c3fd7afecdb556c50c9e8de78 -> 
  custom:audio-decoder-ogg-vorbis: bf7c407c2cedff20999df2af8eb42d56 -> 
========================================================================
Received Prepare
Registering precompiled user dll's ...
Registered in 0.002616 seconds.
Begin MonoManager ReloadAssembly
Symbol file LoadedFromMemory doesn't match image C:\Users\SGA\Desktop\test\3DGame\Unity3DGame\Library\PackageCache\com.unity.visualscripting@1.8.0\Editor\VisualScripting.Core\Dependencies\YamlDotNet\Unity.VisualScripting.YamlDotNet.dll
Symbol file LoadedFromMemory doesn't match image C:\Users\SGA\Desktop\test\3DGame\Unity3DGame\Library\PackageCache\com.unity.visualscripting@1.8.0\Editor\VisualScripting.Core\Dependencies\DotNetZip\Unity.VisualScripting.IonicZip.dll
Native extension for WindowsStandalone target not found
Native extension for Android target not found
Refreshing native plugins compatible for Editor in 0.43 ms, found 3 plugins.
Preloading 0 native plugins for Editor in 0.00 ms.
Mono: successfully reloaded assembly
- Completed reload, in  0.673 seconds
Domain Reload Profiling:
	ReloadAssembly (674ms)
		BeginReloadAssembly (103ms)
			ExecutionOrderSort (0ms)
			DisableScriptedObjects (4ms)
			BackupInstance (0ms)
			ReleaseScriptingObjects (0ms)
			CreateAndSetChildDomain (25ms)
		EndReloadAssembly (507ms)
			LoadAssemblies (60ms)
			RebuildTransferFunctionScriptingTraits (0ms)
			SetupTypeCache (169ms)
			ReleaseScriptCaches (1ms)
			RebuildScriptCaches (26ms)
			SetupLoadedEditorAssemblies (225ms)
				LogAssemblyErrors (0ms)
				InitializePlatformSupportModulesInManaged (14ms)
				SetLoadedEditorAssemblies (0ms)
				RefreshPlugins (0ms)
				BeforeProcessingInitializeOnLoad (45ms)
				ProcessInitializeOnLoadAttributes (146ms)
				ProcessInitializeOnLoadMethodAttributes (14ms)
				AfterProcessingInitializeOnLoad (5ms)
				EditorAssembliesLoaded (0ms)
			ExecutionOrderSort2 (0ms)
			AwakeInstancesAfterBackupRestoration (5ms)
Platform modules already initialized, skipping
Refreshing native plugins compatible for Editor in 1.24 ms, found 3 plugins.
Preloading 0 native plugins for Editor in 0.00 ms.
Unloading 3046 Unused Serialized files (Serialized files now loaded: 0)
Unloading 17 unused Assets / (80.0 KB). Loaded Objects now: 3588.
Memory consumption went from 141.5 MB to 141.4 MB.
Total: 2.106200 ms (FindLiveObjects: 0.159500 ms CreateObjectMapping: 0.065000 ms MarkObjects: 1.804800 ms  DeleteObjects: 0.076100 ms)

AssetImportParameters requested are different than current active one (requested -> active):
  custom:video-decoder-ogg-theora: a1e56fd34408186e4bbccfd4996cb3dc -> 
  custom:container-muxer-webm: aa71ff27fc2769a1b78a27578f13a17b -> 
  custom:container-demuxer-webm: 4f35f7cbe854078d1ac9338744f61a02 -> 
  custom:video-encoder-webm-vp8: eb34c28f22e8b96e1ab97ce403110664 -> 
  custom:audio-encoder-webm-vorbis: bf7c407c2cedff20999df2af8eb42d56 -> 
  custom:framework-win-MediaFoundation: 216162199b28c13a410421893ffa2e32 -> 
  custom:container-demuxer-ogg: 62fdf1f143b41e24485cea50d1cbac27 -> 
  custom:video-decoder-webm-vp8: 9c59270c3fd7afecdb556c50c9e8de78 -> 
  custom:audio-decoder-ogg-vorbis: bf7c407c2cedff20999df2af8eb42d56 -> 
========================================================================
Received Import Request.
  Time since last request: 65.001345 seconds.
  path: Assets/99. Resource/Adventure_Character/Mesh/Man_Mesh.FBX
  artifactKey: Guid(b8a7488d12adc39498433d60811eab1a) Importer(815301076,1909f56bfc062723c751e8b465ee728b)
Start importing Assets/99. Resource/Adventure_Character/Mesh/Man_Mesh.FBX using Guid(b8a7488d12adc39498433d60811eab1a) Importer(815301076,1909f56bfc062723c751e8b465ee728b)  -> (artifact id: '87079a8cb641a45031ee32b64dce268a') in 0.209150 seconds 
========================================================================
Received Import Request.
  Time since last request: 4.640747 seconds.
  path: Assets/99. Resource/CombinationPadLock/Texture
  artifactKey: Guid(217795cd07cbe4049930517017fb720e) Importer(815301076,1909f56bfc062723c751e8b465ee728b)
Start importing Assets/99. Resource/CombinationPadLock/Texture using Guid(217795cd07cbe4049930517017fb720e) Importer(815301076,1909f56bfc062723c751e8b465ee728b)  -> (artifact id: 'f21fd32d1b8adee82c356be30603d54a') in 0.008817 seconds 
========================================================================
Received Import Request.
  Time since last request: 0.089990 seconds.
  path: Assets/99. Resource/CombinationPadLock/Texture/CombinationLock_Albedo.png
  artifactKey: Guid(2c2a26c37fe65314f8909f4c59603b09) Importer(815301076,1909f56bfc062723c751e8b465ee728b)
Start importing Assets/99. Resource/CombinationPadLock/Texture/CombinationLock_Albedo.png using Guid(2c2a26c37fe65314f8909f4c59603b09) Importer(815301076,1909f56bfc062723c751e8b465ee728b)  -> (artifact id: '0808e356cb2fe388197526ec12484a8b') in 0.058948 seconds 
========================================================================
Received Import Request.
  Time since last request: 0.000016 seconds.
  path: Assets/99. Resource/CombinationPadLock/Texture/CombinationLock_Normal.png
  artifactKey: Guid(6a79a30ba14d6ce4d9a3a834db8c806a) Importer(815301076,1909f56bfc062723c751e8b465ee728b)
Start importing Assets/99. Resource/CombinationPadLock/Texture/CombinationLock_Normal.png using Guid(6a79a30ba14d6ce4d9a3a834db8c806a) Importer(815301076,1909f56bfc062723c751e8b465ee728b)  -> (artifact id: '483dc05793ee72575f173de9ee323680') in 0.019788 seconds 
========================================================================
Received Import Request.
  Time since last request: 1.944485 seconds.
  path: Assets/99. Resource/CombinationPadLock/Material
  artifactKey: Guid(0e7ebb88a04b20b4db7ec0335e9f8250) Importer(815301076,1909f56bfc062723c751e8b465ee728b)
Start importing Assets/99. Resource/CombinationPadLock/Material using Guid(0e7ebb88a04b20b4db7ec0335e9f8250) Importer(815301076,1909f56bfc062723c751e8b465ee728b)  -> (artifact id: '6a36b1860b7f2785967accec92337b07') in 0.009290 seconds 
========================================================================
Received Import Request.
  Time since last request: 0.056580 seconds.
  path: Assets/99. Resource/CombinationPadLock/Material/CombinationLock.mat
  artifactKey: Guid(aec8ac6dd85f9274d83b2f7df8db3675) Importer(815301076,1909f56bfc062723c751e8b465ee728b)
Start importing Assets/99. Resource/CombinationPadLock/Material/CombinationLock.mat using Guid(aec8ac6dd85f9274d83b2f7df8db3675) Importer(815301076,1909f56bfc062723c751e8b465ee728b)  -> (artifact id: 'deaaf5261d46248532b041f4dc11fb7b') in 0.022936 seconds 
========================================================================
Received Import Request.
  Time since last request: 0.000016 seconds.
  path: Assets/99. Resource/CombinationPadLock/Material/Ruller02_Blinking.mat
  artifactKey: Guid(39ee331ec09606d42a6b5c3e47d3e227) Importer(815301076,1909f56bfc062723c751e8b465ee728b)
Start importing Assets/99. Resource/CombinationPadLock/Material/Ruller02_Blinking.mat using Guid(39ee331ec09606d42a6b5c3e47d3e227) Importer(815301076,1909f56bfc062723c751e8b465ee728b)  -> (artifact id: 'b252f732052a402bfd087aaa8aac856d') in 0.022157 seconds 
========================================================================
Received Import Request.
  Time since last request: 0.000017 seconds.
  path: Assets/99. Resource/CombinationPadLock/Material/Ruller03_Blinking.mat
  artifactKey: Guid(f0a91a7acf3f57546b4d237e46f8f6c9) Importer(815301076,1909f56bfc062723c751e8b465ee728b)
Start importing Assets/99. Resource/CombinationPadLock/Material/Ruller03_Blinking.mat using Guid(f0a91a7acf3f57546b4d237e46f8f6c9) Importer(815301076,1909f56bfc062723c751e8b465ee728b)  -> (artifact id: '2e838c2752efb77e76b8d1f097746e42') in 0.017696 seconds 
========================================================================
Received Import Request.
  Time since last request: 0.000018 seconds.
  path: Assets/99. Resource/CombinationPadLock/Material/Ruller04_Blinking.mat
  artifactKey: Guid(6a22d3756fe252b40a6c22fec44af81f) Importer(815301076,1909f56bfc062723c751e8b465ee728b)
Start importing Assets/99. Resource/CombinationPadLock/Material/Ruller04_Blinking.mat using Guid(6a22d3756fe252b40a6c22fec44af81f) Importer(815301076,1909f56bfc062723c751e8b465ee728b)  -> (artifact id: 'f9a9f2fe754acf4ca1328a99a32dc3e4') in 0.017756 seconds 
